  stdafx.cpp
  animation.cpp
  boss.cpp
c:\users\id4dk\onedrive\바탕 화면\보스 테스트\boss.h(5): warning C4005: 'PI': 매크로 재정의
  c:\users\id4dk\onedrive\바탕 화면\보스 테스트\utils.h(3): note: 'PI'의 이전 정의를 참조하십시오.
c:\users\id4dk\onedrive\바탕 화면\보스 테스트\boss.cpp(32): warning C4244: '인수': 'float'에서 'int'(으)로 변환하면서 데이터가 손실될 수 있습니다.
c:\users\id4dk\onedrive\바탕 화면\보스 테스트\boss.cpp(37): warning C4244: '인수': 'float'에서 'int'(으)로 변환하면서 데이터가 손실될 수 있습니다.
c:\users\id4dk\onedrive\바탕 화면\보스 테스트\boss.cpp(38): warning C4244: '인수': 'float'에서 'int'(으)로 변환하면서 데이터가 손실될 수 있습니다.
c:\users\id4dk\onedrive\바탕 화면\보스 테스트\boss.cpp(39): warning C4244: '인수': 'float'에서 'int'(으)로 변환하면서 데이터가 손실될 수 있습니다.
c:\users\id4dk\onedrive\바탕 화면\보스 테스트\boss.cpp(40): warning C4244: '인수': 'float'에서 'int'(으)로 변환하면서 데이터가 손실될 수 있습니다.
c:\users\id4dk\onedrive\바탕 화면\보스 테스트\boss.cpp(41): warning C4244: '인수': 'float'에서 'int'(으)로 변환하면서 데이터가 손실될 수 있습니다.
c:\users\id4dk\onedrive\바탕 화면\보스 테스트\boss.cpp(42): warning C4244: '인수': 'float'에서 'int'(으)로 변환하면서 데이터가 손실될 수 있습니다.
c:\users\id4dk\onedrive\바탕 화면\보스 테스트\boss.cpp(197): warning C4553: '==': 식의 결과가 사용되지 않습니다. '='을(를) 의도했습니까?
c:\users\id4dk\onedrive\바탕 화면\보스 테스트\boss.cpp(270): warning C4552: '<=': 식의 결과가 사용되지 않습니다.
c:\users\id4dk\onedrive\바탕 화면\보스 테스트\boss.cpp(297): warning C4244: '인수': 'float'에서 'int'(으)로 변환하면서 데이터가 손실될 수 있습니다.
c:\users\id4dk\onedrive\바탕 화면\보스 테스트\boss.cpp(298): warning C4244: '인수': 'float'에서 'int'(으)로 변환하면서 데이터가 손실될 수 있습니다.
c:\users\id4dk\onedrive\바탕 화면\보스 테스트\boss.cpp(516): warning C4244: '인수': 'float'에서 'int'(으)로 변환하면서 데이터가 손실될 수 있습니다.
  bossHPBar.cpp
c:\users\id4dk\onedrive\바탕 화면\보스 테스트\bosshpbar.cpp(6): warning C4244: '=': 'int'에서 'float'(으)로 변환하면서 데이터가 손실될 수 있습니다.
c:\users\id4dk\onedrive\바탕 화면\보스 테스트\bosshpbar.cpp(7): warning C4244: '=': 'int'에서 'float'(으)로 변환하면서 데이터가 손실될 수 있습니다.
c:\users\id4dk\onedrive\바탕 화면\보스 테스트\bosshpbar.cpp(12): warning C4244: '=': 'int'에서 'float'(으)로 변환하면서 데이터가 손실될 수 있습니다.
c:\users\id4dk\onedrive\바탕 화면\보스 테스트\bosshpbar.cpp(24): warning C4244: '인수': 'float'에서 'int'(으)로 변환하면서 데이터가 손실될 수 있습니다.
c:\users\id4dk\onedrive\바탕 화면\보스 테스트\bosshpbar.cpp(32): warning C4244: '인수': 'float'에서 'int'(으)로 변환하면서 데이터가 손실될 수 있습니다.
c:\users\id4dk\onedrive\바탕 화면\보스 테스트\bosshpbar.cpp(38): warning C4244: '인수': 'float'에서 'int'(으)로 변환하면서 데이터가 손실될 수 있습니다.
c:\users\id4dk\onedrive\바탕 화면\보스 테스트\bosshpbar.cpp(37): warning C4244: '인수': 'float'에서 'int'(으)로 변환하면서 데이터가 손실될 수 있습니다.
  bullets.cpp
c:\users\id4dk\onedrive\바탕 화면\보스 테스트\bullets.cpp(40): warning C4244: '=': 'int'에서 'float'(으)로 변환하면서 데이터가 손실될 수 있습니다.
c:\users\id4dk\onedrive\바탕 화면\보스 테스트\bullets.cpp(45): warning C4244: '인수': 'float'에서 'int'(으)로 변환하면서 데이터가 손실될 수 있습니다.
c:\users\id4dk\onedrive\바탕 화면\보스 테스트\bullets.cpp(60): warning C4244: '인수': 'float'에서 'int'(으)로 변환하면서 데이터가 손실될 수 있습니다.
c:\users\id4dk\onedrive\바탕 화면\보스 테스트\bullets.cpp(131): warning C4244: '인수': 'float'에서 'int'(으)로 변환하면서 데이터가 손실될 수 있습니다.
c:\users\id4dk\onedrive\바탕 화면\보스 테스트\bullets.cpp(147): warning C4244: '인수': 'float'에서 'int'(으)로 변환하면서 데이터가 손실될 수 있습니다.
c:\users\id4dk\onedrive\바탕 화면\보스 테스트\bullets.cpp(214): warning C4244: '인수': 'float'에서 'int'(으)로 변환하면서 데이터가 손실될 수 있습니다.
c:\users\id4dk\onedrive\바탕 화면\보스 테스트\bullets.cpp(226): warning C4244: '인수': 'float'에서 'int'(으)로 변환하면서 데이터가 손실될 수 있습니다.
  button.cpp
c:\users\id4dk\onedrive\바탕 화면\보스 테스트\button.cpp(19): warning C4244: '인수': 'float'에서 'int'(으)로 변환하면서 데이터가 손실될 수 있습니다.
  effect.cpp
  effectManager.cpp
  enemy.cpp
  enemyAttack.cpp
  enemyManager.cpp
c:\users\id4dk\onedrive\바탕 화면\보스 테스트\kyoko.h(80): warning C4244: '=': 'float'에서 'LONG'(으)로 변환하면서 데이터가 손실될 수 있습니다.
c:\users\id4dk\onedrive\바탕 화면\보스 테스트\kyoko.h(81): warning C4244: '=': 'float'에서 'LONG'(으)로 변환하면서 데이터가 손실될 수 있습니다.
c:\users\id4dk\onedrive\바탕 화면\보스 테스트\boss.h(5): warning C4005: 'PI': 매크로 재정의
  c:\users\id4dk\onedrive\바탕 화면\보스 테스트\utils.h(3): note: 'PI'의 이전 정의를 참조하십시오.
  fun.cpp
  gameNode.cpp
c:\users\id4dk\onedrive\바탕 화면\보스 테스트\gamenode.cpp(90): warning C4244: '=': 'float'에서 'LONG'(으)로 변환하면서 데이터가 손실될 수 있습니다.
c:\users\id4dk\onedrive\바탕 화면\보스 테스트\gamenode.cpp(91): warning C4244: '=': 'float'에서 'LONG'(으)로 변환하면서 데이터가 손실될 수 있습니다.
c:\users\id4dk\onedrive\바탕 화면\보스 테스트\gamenode.cpp(84): warning C4101: 'hdc' :참조되지 않은 지역 변수입니다.
c:\users\id4dk\onedrive\바탕 화면\보스 테스트\gamenode.cpp(83): warning C4101: 'ps' :참조되지 않은 지역 변수입니다.
  ghostScene.cpp
  image.cpp
c:\users\id4dk\onedrive\바탕 화면\보스 테스트\image.cpp(76): warning C4267: '초기화 중': 'size_t'에서 'int'(으)로 변환하면서 데이터가 손실될 수 있습니다.
c:\users\id4dk\onedrive\바탕 화면\보스 테스트\image.cpp(131): warning C4267: '초기화 중': 'size_t'에서 'int'(으)로 변환하면서 데이터가 손실될 수 있습니다.
c:\users\id4dk\onedrive\바탕 화면\보스 테스트\image.cpp(184): warning C4267: '초기화 중': 'size_t'에서 'int'(으)로 변환하면서 데이터가 손실될 수 있습니다.
c:\users\id4dk\onedrive\바탕 화면\보스 테스트\image.cpp(422): warning C4244: '인수': 'float'에서 'int'(으)로 변환하면서 데이터가 손실될 수 있습니다.
c:\users\id4dk\onedrive\바탕 화면\보스 테스트\image.cpp(428): warning C4244: '인수': 'float'에서 'int'(으)로 변환하면서 데이터가 손실될 수 있습니다.
c:\users\id4dk\onedrive\바탕 화면\보스 테스트\image.cpp(434): warning C4244: '인수': 'float'에서 'int'(으)로 변환하면서 데이터가 손실될 수 있습니다.
  imageManager.cpp
  jump.cpp
  keyAniManager.cpp
  keyManager.cpp
  knight.cpp
c:\users\id4dk\onedrive\바탕 화면\보스 테스트\knight.cpp(13): warning C4244: '인수': 'float'에서 'int'(으)로 변환하면서 데이터가 손실될 수 있습니다.
c:\users\id4dk\onedrive\바탕 화면\보스 테스트\knight.cpp(101): warning C4244: '인수': 'float'에서 'int'(으)로 변환하면서 데이터가 손실될 수 있습니다.
  kyoko.cpp
c:\users\id4dk\onedrive\바탕 화면\보스 테스트\kyoko.h(80): warning C4244: '=': 'float'에서 'LONG'(으)로 변환하면서 데이터가 손실될 수 있습니다.
c:\users\id4dk\onedrive\바탕 화면\보스 테스트\kyoko.h(81): warning C4244: '=': 'float'에서 'LONG'(으)로 변환하면서 데이터가 손실될 수 있습니다.
c:\users\id4dk\onedrive\바탕 화면\보스 테스트\kyoko.cpp(18): warning C4244: '인수': 'float'에서 'int'(으)로 변환하면서 데이터가 손실될 수 있습니다.
c:\users\id4dk\onedrive\바탕 화면\보스 테스트\kyoko.cpp(49): warning C4244: '인수': 'float'에서 'int'(으)로 변환하면서 데이터가 손실될 수 있습니다.
c:\users\id4dk\onedrive\바탕 화면\보스 테스트\kyoko.cpp(51): warning C4244: '인수': 'float'에서 'int'(으)로 변환하면서 데이터가 손실될 수 있습니다.
  코드를 생성하고 있습니다...
  컴파일하고 있습니다...
  playGround.cpp
c:\users\id4dk\onedrive\바탕 화면\보스 테스트\kyoko.h(80): warning C4244: '=': 'float'에서 'LONG'(으)로 변환하면서 데이터가 손실될 수 있습니다.
c:\users\id4dk\onedrive\바탕 화면\보스 테스트\kyoko.h(81): warning C4244: '=': 'float'에서 'LONG'(으)로 변환하면서 데이터가 손실될 수 있습니다.
c:\users\id4dk\onedrive\바탕 화면\보스 테스트\boss.h(5): warning C4005: 'PI': 매크로 재정의
  c:\users\id4dk\onedrive\바탕 화면\보스 테스트\utils.h(3): note: 'PI'의 이전 정의를 참조하십시오.
  progressBar.cpp
c:\users\id4dk\onedrive\바탕 화면\보스 테스트\progressbar.cpp(6): warning C4244: '=': 'int'에서 'float'(으)로 변환하면서 데이터가 손실될 수 있습니다.
c:\users\id4dk\onedrive\바탕 화면\보스 테스트\progressbar.cpp(7): warning C4244: '=': 'int'에서 'float'(으)로 변환하면서 데이터가 손실될 수 있습니다.
c:\users\id4dk\onedrive\바탕 화면\보스 테스트\progressbar.cpp(15): warning C4244: '=': 'int'에서 'float'(으)로 변환하면서 데이터가 손실될 수 있습니다.
c:\users\id4dk\onedrive\바탕 화면\보스 테스트\progressbar.cpp(27): warning C4244: '인수': 'float'에서 'int'(으)로 변환하면서 데이터가 손실될 수 있습니다.
c:\users\id4dk\onedrive\바탕 화면\보스 테스트\progressbar.cpp(35): warning C4244: '인수': 'float'에서 'int'(으)로 변환하면서 데이터가 손실될 수 있습니다.
c:\users\id4dk\onedrive\바탕 화면\보스 테스트\progressbar.cpp(41): warning C4244: '인수': 'float'에서 'int'(으)로 변환하면서 데이터가 손실될 수 있습니다.
c:\users\id4dk\onedrive\바탕 화면\보스 테스트\progressbar.cpp(40): warning C4244: '인수': 'float'에서 'int'(으)로 변환하면서 데이터가 손실될 수 있습니다.
  sceneManager.cpp
  schoolGirl.cpp
c:\users\id4dk\onedrive\바탕 화면\보스 테스트\kyoko.h(80): warning C4244: '=': 'float'에서 'LONG'(으)로 변환하면서 데이터가 손실될 수 있습니다.
c:\users\id4dk\onedrive\바탕 화면\보스 테스트\kyoko.h(81): warning C4244: '=': 'float'에서 'LONG'(으)로 변환하면서 데이터가 손실될 수 있습니다.
c:\users\id4dk\onedrive\바탕 화면\보스 테스트\schoolgirl.cpp(25): warning C4244: '인수': 'float'에서 'int'(으)로 변환하면서 데이터가 손실될 수 있습니다.
c:\users\id4dk\onedrive\바탕 화면\보스 테스트\schoolgirl.cpp(53): warning C4244: '인수': 'float'에서 'int'(으)로 변환하면서 데이터가 손실될 수 있습니다.
c:\users\id4dk\onedrive\바탕 화면\보스 테스트\schoolgirl.cpp(82): warning C4244: '인수': 'LONG'에서 'float'(으)로 변환하면서 데이터가 손실될 수 있습니다.
c:\users\id4dk\onedrive\바탕 화면\보스 테스트\schoolgirl.cpp(268): warning C4244: '인수': 'LONG'에서 'float'(으)로 변환하면서 데이터가 손실될 수 있습니다.
  soundManager.cpp
  soundTestScene.cpp
c:\users\id4dk\onedrive\바탕 화면\보스 테스트\soundtestscene.cpp(76): warning C4267: '인수': 'size_t'에서 'int'(으)로 변환하면서 데이터가 손실될 수 있습니다.
  testScene.cpp
c:\users\id4dk\onedrive\바탕 화면\보스 테스트\testscene.cpp(78): warning C4244: '인수': 'float'에서 'int'(으)로 변환하면서 데이터가 손실될 수 있습니다.
c:\users\id4dk\onedrive\바탕 화면\보스 테스트\testscene.cpp(507): warning C4244: '인수': 'float'에서 'int'(으)로 변환하면서 데이터가 손실될 수 있습니다.
  timeManager.cpp
c:\users\id4dk\onedrive\바탕 화면\보스 테스트\timemanager.cpp(46): warning C4267: '인수': 'size_t'에서 'int'(으)로 변환하면서 데이터가 손실될 수 있습니다.
c:\users\id4dk\onedrive\바탕 화면\보스 테스트\timemanager.cpp(49): warning C4267: '인수': 'size_t'에서 'int'(으)로 변환하면서 데이터가 손실될 수 있습니다.
c:\users\id4dk\onedrive\바탕 화면\보스 테스트\timemanager.cpp(52): warning C4267: '인수': 'size_t'에서 'int'(으)로 변환하면서 데이터가 손실될 수 있습니다.
  timer.cpp
  txtData.cpp
  utils.cpp
  winMain.cpp
c:\users\id4dk\onedrive\바탕 화면\보스 테스트\kyoko.h(80): warning C4244: '=': 'float'에서 'LONG'(으)로 변환하면서 데이터가 손실될 수 있습니다.
c:\users\id4dk\onedrive\바탕 화면\보스 테스트\kyoko.h(81): warning C4244: '=': 'float'에서 'LONG'(으)로 변환하면서 데이터가 손실될 수 있습니다.
c:\users\id4dk\onedrive\바탕 화면\보스 테스트\boss.h(5): warning C4005: 'PI': 매크로 재정의
  c:\users\id4dk\onedrive\바탕 화면\보스 테스트\utils.h(3): note: 'PI'의 이전 정의를 참조하십시오.
c:\users\id4dk\onedrive\바탕 화면\보스 테스트\winmain.cpp(89): warning C4244: 'return': 'WPARAM'에서 'int'(으)로 변환하면서 데이터가 손실될 수 있습니다.
  코드를 생성하고 있습니다...
c:\users\id4dk\onedrive\바탕 화면\보스 테스트\txtdata.cpp(47): warning C4172: 지역 변수 또는 임시: str의 주소를 반환하고 있습니다.
  windowAPI.vcxproj -> C:\Users\id4dk\OneDrive\바탕 화면\보스 테스트\x64\Debug\windowAPI.exe
