  stdafx.cpp
  animation.cpp
  BossStage.cpp
c:\users\clxlz\onedrive\바탕 화면\팀 포트 폴리오\z-order\r1g4 sub team portfolio 쉐도우 부메랑\kyoko.h(123): warning C4244: '=': 'float'에서 'LONG'(으)로 변환하면서 데이터가 손실될 수 있습니다.
c:\users\clxlz\onedrive\바탕 화면\팀 포트 폴리오\z-order\r1g4 sub team portfolio 쉐도우 부메랑\kyoko.h(124): warning C4244: '=': 'float'에서 'LONG'(으)로 변환하면서 데이터가 손실될 수 있습니다.
c:\users\clxlz\onedrive\바탕 화면\팀 포트 폴리오\z-order\r1g4 sub team portfolio 쉐도우 부메랑\enemy.h(168): warning C4244: '=': 'float'에서 'LONG'(으)로 변환하면서 데이터가 손실될 수 있습니다.
c:\users\clxlz\onedrive\바탕 화면\팀 포트 폴리오\z-order\r1g4 sub team portfolio 쉐도우 부메랑\enemy.h(169): warning C4244: '=': 'float'에서 'LONG'(으)로 변환하면서 데이터가 손실될 수 있습니다.
  button.cpp
c:\users\clxlz\onedrive\바탕 화면\팀 포트 폴리오\z-order\r1g4 sub team portfolio 쉐도우 부메랑\button.cpp(19): warning C4244: '인수': 'float'에서 'int'(으)로 변환하면서 데이터가 손실될 수 있습니다.
  CameraManager.cpp
c:\users\clxlz\onedrive\바탕 화면\팀 포트 폴리오\z-order\r1g4 sub team portfolio 쉐도우 부메랑\cameramanager.cpp(136): warning C4244: '=': 'LONG'에서 'float'(으)로 변환하면서 데이터가 손실될 수 있습니다.
c:\users\clxlz\onedrive\바탕 화면\팀 포트 폴리오\z-order\r1g4 sub team portfolio 쉐도우 부메랑\cameramanager.cpp(137): warning C4244: '=': 'LONG'에서 'float'(으)로 변환하면서 데이터가 손실될 수 있습니다.
c:\users\clxlz\onedrive\바탕 화면\팀 포트 폴리오\z-order\r1g4 sub team portfolio 쉐도우 부메랑\cameramanager.cpp(141): warning C4244: '인수': 'float'에서 'int'(으)로 변환하면서 데이터가 손실될 수 있습니다.
c:\users\clxlz\onedrive\바탕 화면\팀 포트 폴리오\z-order\r1g4 sub team portfolio 쉐도우 부메랑\cameramanager.cpp(140): warning C4244: '인수': 'float'에서 'int'(으)로 변환하면서 데이터가 손실될 수 있습니다.
c:\users\clxlz\onedrive\바탕 화면\팀 포트 폴리오\z-order\r1g4 sub team portfolio 쉐도우 부메랑\cameramanager.cpp(133): warning C4101: 'mapImg' :참조되지 않은 지역 변수입니다.
  cheerLeader.cpp
c:\users\clxlz\onedrive\바탕 화면\팀 포트 폴리오\z-order\r1g4 sub team portfolio 쉐도우 부메랑\enemy.h(168): warning C4244: '=': 'float'에서 'LONG'(으)로 변환하면서 데이터가 손실될 수 있습니다.
c:\users\clxlz\onedrive\바탕 화면\팀 포트 폴리오\z-order\r1g4 sub team portfolio 쉐도우 부메랑\enemy.h(169): warning C4244: '=': 'float'에서 'LONG'(으)로 변환하면서 데이터가 손실될 수 있습니다.
c:\users\clxlz\onedrive\바탕 화면\팀 포트 폴리오\z-order\r1g4 sub team portfolio 쉐도우 부메랑\kyoko.h(123): warning C4244: '=': 'float'에서 'LONG'(으)로 변환하면서 데이터가 손실될 수 있습니다.
c:\users\clxlz\onedrive\바탕 화면\팀 포트 폴리오\z-order\r1g4 sub team portfolio 쉐도우 부메랑\kyoko.h(124): warning C4244: '=': 'float'에서 'LONG'(으)로 변환하면서 데이터가 손실될 수 있습니다.
c:\users\clxlz\onedrive\바탕 화면\팀 포트 폴리오\z-order\r1g4 sub team portfolio 쉐도우 부메랑\cheerleader.cpp(90): warning C4244: '인수': 'float'에서 'int'(으)로 변환하면서 데이터가 손실될 수 있습니다.
c:\users\clxlz\onedrive\바탕 화면\팀 포트 폴리오\z-order\r1g4 sub team portfolio 쉐도우 부메랑\cheerleader.cpp(91): warning C4244: '인수': 'float'에서 'int'(으)로 변환하면서 데이터가 손실될 수 있습니다.
c:\users\clxlz\onedrive\바탕 화면\팀 포트 폴리오\z-order\r1g4 sub team portfolio 쉐도우 부메랑\cheerleader.cpp(297): warning C4244: '인수': 'float'에서 'int'(으)로 변환하면서 데이터가 손실될 수 있습니다.
c:\users\clxlz\onedrive\바탕 화면\팀 포트 폴리오\z-order\r1g4 sub team portfolio 쉐도우 부메랑\cheerleader.cpp(300): warning C4244: '인수': 'float'에서 'int'(으)로 변환하면서 데이터가 손실될 수 있습니다.
c:\users\clxlz\onedrive\바탕 화면\팀 포트 폴리오\z-order\r1g4 sub team portfolio 쉐도우 부메랑\cheerleader.cpp(306): warning C4244: '인수': 'float'에서 'int'(으)로 변환하면서 데이터가 손실될 수 있습니다.
c:\users\clxlz\onedrive\바탕 화면\팀 포트 폴리오\z-order\r1g4 sub team portfolio 쉐도우 부메랑\cheerleader.cpp(337): warning C4244: '인수': 'LONG'에서 'float'(으)로 변환하면서 데이터가 손실될 수 있습니다.
c:\users\clxlz\onedrive\바탕 화면\팀 포트 폴리오\z-order\r1g4 sub team portfolio 쉐도우 부메랑\cheerleader.cpp(357): warning C4244: '인수': 'float'에서 'int'(으)로 변환하면서 데이터가 손실될 수 있습니다.
c:\users\clxlz\onedrive\바탕 화면\팀 포트 폴리오\z-order\r1g4 sub team portfolio 쉐도우 부메랑\cheerleader.cpp(584): warning C4244: '인수': 'LONG'에서 'float'(으)로 변환하면서 데이터가 손실될 수 있습니다.
c:\users\clxlz\onedrive\바탕 화면\팀 포트 폴리오\z-order\r1g4 sub team portfolio 쉐도우 부메랑\cheerleader.cpp(614): warning C4244: '+=': 'double'에서 'float'(으)로 변환하면서 데이터가 손실될 수 있습니다.
c:\users\clxlz\onedrive\바탕 화면\팀 포트 폴리오\z-order\r1g4 sub team portfolio 쉐도우 부메랑\cheerleader.cpp(615): warning C4244: '+=': 'double'에서 'float'(으)로 변환하면서 데이터가 손실될 수 있습니다.
c:\users\clxlz\onedrive\바탕 화면\팀 포트 폴리오\z-order\r1g4 sub team portfolio 쉐도우 부메랑\cheerleader.cpp(623): warning C4244: '-=': 'double'에서 'float'(으)로 변환하면서 데이터가 손실될 수 있습니다.
c:\users\clxlz\onedrive\바탕 화면\팀 포트 폴리오\z-order\r1g4 sub team portfolio 쉐도우 부메랑\cheerleader.cpp(626): warning C4244: '+=': 'double'에서 'float'(으)로 변환하면서 데이터가 손실될 수 있습니다.
c:\users\clxlz\onedrive\바탕 화면\팀 포트 폴리오\z-order\r1g4 sub team portfolio 쉐도우 부메랑\cheerleader.cpp(585): warning C4101: 'temp' :참조되지 않은 지역 변수입니다.
  effect.cpp
  effectManager.cpp
  enemy.cpp
c:\users\clxlz\onedrive\바탕 화면\팀 포트 폴리오\z-order\r1g4 sub team portfolio 쉐도우 부메랑\enemy.h(168): warning C4244: '=': 'float'에서 'LONG'(으)로 변환하면서 데이터가 손실될 수 있습니다.
c:\users\clxlz\onedrive\바탕 화면\팀 포트 폴리오\z-order\r1g4 sub team portfolio 쉐도우 부메랑\enemy.h(169): warning C4244: '=': 'float'에서 'LONG'(으)로 변환하면서 데이터가 손실될 수 있습니다.
c:\users\clxlz\onedrive\바탕 화면\팀 포트 폴리오\z-order\r1g4 sub team portfolio 쉐도우 부메랑\enemy.cpp(63): warning C4244: '인수': 'float'에서 'int'(으)로 변환하면서 데이터가 손실될 수 있습니다.
c:\users\clxlz\onedrive\바탕 화면\팀 포트 폴리오\z-order\r1g4 sub team portfolio 쉐도우 부메랑\enemy.cpp(65): warning C4244: '인수': 'float'에서 'int'(으)로 변환하면서 데이터가 손실될 수 있습니다.
c:\users\clxlz\onedrive\바탕 화면\팀 포트 폴리오\z-order\r1g4 sub team portfolio 쉐도우 부메랑\enemy.cpp(102): warning C4244: '인수': 'float'에서 'int'(으)로 변환하면서 데이터가 손실될 수 있습니다.
c:\users\clxlz\onedrive\바탕 화면\팀 포트 폴리오\z-order\r1g4 sub team portfolio 쉐도우 부메랑\enemy.cpp(105): warning C4244: '인수': 'float'에서 'int'(으)로 변환하면서 데이터가 손실될 수 있습니다.
c:\users\clxlz\onedrive\바탕 화면\팀 포트 폴리오\z-order\r1g4 sub team portfolio 쉐도우 부메랑\enemy.cpp(115): warning C4244: '인수': 'float'에서 'int'(으)로 변환하면서 데이터가 손실될 수 있습니다.
c:\users\clxlz\onedrive\바탕 화면\팀 포트 폴리오\z-order\r1g4 sub team portfolio 쉐도우 부메랑\enemy.cpp(118): warning C4244: '인수': 'float'에서 'int'(으)로 변환하면서 데이터가 손실될 수 있습니다.
  enemyAttack.cpp
  enemyManager.cpp
c:\users\clxlz\onedrive\바탕 화면\팀 포트 폴리오\z-order\r1g4 sub team portfolio 쉐도우 부메랑\enemy.h(168): warning C4244: '=': 'float'에서 'LONG'(으)로 변환하면서 데이터가 손실될 수 있습니다.
c:\users\clxlz\onedrive\바탕 화면\팀 포트 폴리오\z-order\r1g4 sub team portfolio 쉐도우 부메랑\enemy.h(169): warning C4244: '=': 'float'에서 'LONG'(으)로 변환하면서 데이터가 손실될 수 있습니다.
c:\users\clxlz\onedrive\바탕 화면\팀 포트 폴리오\z-order\r1g4 sub team portfolio 쉐도우 부메랑\kyoko.h(123): warning C4244: '=': 'float'에서 'LONG'(으)로 변환하면서 데이터가 손실될 수 있습니다.
c:\users\clxlz\onedrive\바탕 화면\팀 포트 폴리오\z-order\r1g4 sub team portfolio 쉐도우 부메랑\kyoko.h(124): warning C4244: '=': 'float'에서 'LONG'(으)로 변환하면서 데이터가 손실될 수 있습니다.
  gameNode.cpp
c:\users\clxlz\onedrive\바탕 화면\팀 포트 폴리오\z-order\r1g4 sub team portfolio 쉐도우 부메랑\gamenode.cpp(102): warning C4244: '=': 'float'에서 'LONG'(으)로 변환하면서 데이터가 손실될 수 있습니다.
c:\users\clxlz\onedrive\바탕 화면\팀 포트 폴리오\z-order\r1g4 sub team portfolio 쉐도우 부메랑\gamenode.cpp(103): warning C4244: '=': 'float'에서 'LONG'(으)로 변환하면서 데이터가 손실될 수 있습니다.
c:\users\clxlz\onedrive\바탕 화면\팀 포트 폴리오\z-order\r1g4 sub team portfolio 쉐도우 부메랑\gamenode.cpp(96): warning C4101: 'hdc' :참조되지 않은 지역 변수입니다.
c:\users\clxlz\onedrive\바탕 화면\팀 포트 폴리오\z-order\r1g4 sub team portfolio 쉐도우 부메랑\gamenode.cpp(95): warning C4101: 'ps' :참조되지 않은 지역 변수입니다.
  image.cpp
c:\users\clxlz\onedrive\바탕 화면\팀 포트 폴리오\z-order\r1g4 sub team portfolio 쉐도우 부메랑\image.cpp(76): warning C4267: '초기화 중': 'size_t'에서 'int'(으)로 변환하면서 데이터가 손실될 수 있습니다.
c:\users\clxlz\onedrive\바탕 화면\팀 포트 폴리오\z-order\r1g4 sub team portfolio 쉐도우 부메랑\image.cpp(131): warning C4267: '초기화 중': 'size_t'에서 'int'(으)로 변환하면서 데이터가 손실될 수 있습니다.
c:\users\clxlz\onedrive\바탕 화면\팀 포트 폴리오\z-order\r1g4 sub team portfolio 쉐도우 부메랑\image.cpp(184): warning C4267: '초기화 중': 'size_t'에서 'int'(으)로 변환하면서 데이터가 손실될 수 있습니다.
c:\users\clxlz\onedrive\바탕 화면\팀 포트 폴리오\z-order\r1g4 sub team portfolio 쉐도우 부메랑\image.cpp(422): warning C4244: '인수': 'float'에서 'int'(으)로 변환하면서 데이터가 손실될 수 있습니다.
c:\users\clxlz\onedrive\바탕 화면\팀 포트 폴리오\z-order\r1g4 sub team portfolio 쉐도우 부메랑\image.cpp(428): warning C4244: '인수': 'float'에서 'int'(으)로 변환하면서 데이터가 손실될 수 있습니다.
c:\users\clxlz\onedrive\바탕 화면\팀 포트 폴리오\z-order\r1g4 sub team portfolio 쉐도우 부메랑\image.cpp(434): warning C4244: '인수': 'float'에서 'int'(으)로 변환하면서 데이터가 손실될 수 있습니다.
c:\users\clxlz\onedrive\바탕 화면\팀 포트 폴리오\z-order\r1g4 sub team portfolio 쉐도우 부메랑\image.cpp(697): warning C4244: '인수': 'float'에서 'int'(으)로 변환하면서 데이터가 손실될 수 있습니다.
c:\users\clxlz\onedrive\바탕 화면\팀 포트 폴리오\z-order\r1g4 sub team portfolio 쉐도우 부메랑\image.cpp(703): warning C4244: '인수': 'float'에서 'int'(으)로 변환하면서 데이터가 손실될 수 있습니다.
c:\users\clxlz\onedrive\바탕 화면\팀 포트 폴리오\z-order\r1g4 sub team portfolio 쉐도우 부메랑\image.cpp(709): warning C4244: '인수': 'float'에서 'int'(으)로 변환하면서 데이터가 손실될 수 있습니다.
  imageManager.cpp
  iniDataManager.cpp
  jump.cpp
  keyAniManager.cpp
  keyManager.cpp
  kyoko.cpp
c:\users\clxlz\onedrive\바탕 화면\팀 포트 폴리오\z-order\r1g4 sub team portfolio 쉐도우 부메랑\kyoko.h(123): warning C4244: '=': 'float'에서 'LONG'(으)로 변환하면서 데이터가 손실될 수 있습니다.
c:\users\clxlz\onedrive\바탕 화면\팀 포트 폴리오\z-order\r1g4 sub team portfolio 쉐도우 부메랑\kyoko.h(124): warning C4244: '=': 'float'에서 'LONG'(으)로 변환하면서 데이터가 손실될 수 있습니다.
c:\users\clxlz\onedrive\바탕 화면\팀 포트 폴리오\z-order\r1g4 sub team portfolio 쉐도우 부메랑\kyoko.cpp(21): warning C4244: '인수': 'float'에서 'int'(으)로 변환하면서 데이터가 손실될 수 있습니다.
c:\users\clxlz\onedrive\바탕 화면\팀 포트 폴리오\z-order\r1g4 sub team portfolio 쉐도우 부메랑\kyoko.cpp(26): warning C4244: '=': 'LONG'에서 'float'(으)로 변환하면서 데이터가 손실될 수 있습니다.
c:\users\clxlz\onedrive\바탕 화면\팀 포트 폴리오\z-order\r1g4 sub team portfolio 쉐도우 부메랑\kyoko.cpp(27): warning C4244: '=': 'LONG'에서 'float'(으)로 변환하면서 데이터가 손실될 수 있습니다.
c:\users\clxlz\onedrive\바탕 화면\팀 포트 폴리오\z-order\r1g4 sub team portfolio 쉐도우 부메랑\kyoko.cpp(61): warning C4244: '=': 'LONG'에서 'float'(으)로 변환하면서 데이터가 손실될 수 있습니다.
c:\users\clxlz\onedrive\바탕 화면\팀 포트 폴리오\z-order\r1g4 sub team portfolio 쉐도우 부메랑\kyoko.cpp(62): warning C4244: '=': 'LONG'에서 'float'(으)로 변환하면서 데이터가 손실될 수 있습니다.
c:\users\clxlz\onedrive\바탕 화면\팀 포트 폴리오\z-order\r1g4 sub team portfolio 쉐도우 부메랑\kyoko.cpp(63): warning C4244: '인수': 'float'에서 'int'(으)로 변환하면서 데이터가 손실될 수 있습니다.
c:\users\clxlz\onedrive\바탕 화면\팀 포트 폴리오\z-order\r1g4 sub team portfolio 쉐도우 부메랑\kyoko.cpp(66): warning C4244: '인수': 'float'에서 'int'(으)로 변환하면서 데이터가 손실될 수 있습니다.
c:\users\clxlz\onedrive\바탕 화면\팀 포트 폴리오\z-order\r1g4 sub team portfolio 쉐도우 부메랑\kyoko.cpp(70): warning C4244: '=': 'LONG'에서 'float'(으)로 변환하면서 데이터가 손실될 수 있습니다.
c:\users\clxlz\onedrive\바탕 화면\팀 포트 폴리오\z-order\r1g4 sub team portfolio 쉐도우 부메랑\kyoko.cpp(71): warning C4244: '=': 'LONG'에서 'float'(으)로 변환하면서 데이터가 손실될 수 있습니다.
c:\users\clxlz\onedrive\바탕 화면\팀 포트 폴리오\z-order\r1g4 sub team portfolio 쉐도우 부메랑\kyoko.cpp(72): warning C4244: '인수': 'float'에서 'int'(으)로 변환하면서 데이터가 손실될 수 있습니다.
c:\users\clxlz\onedrive\바탕 화면\팀 포트 폴리오\z-order\r1g4 sub team portfolio 쉐도우 부메랑\kyoko.cpp(75): warning C4244: '인수': 'float'에서 'int'(으)로 변환하면서 데이터가 손실될 수 있습니다.
c:\users\clxlz\onedrive\바탕 화면\팀 포트 폴리오\z-order\r1g4 sub team portfolio 쉐도우 부메랑\kyoko.cpp(78): warning C4244: '인수': 'float'에서 'int'(으)로 변환하면서 데이터가 손실될 수 있습니다.
c:\users\clxlz\onedrive\바탕 화면\팀 포트 폴리오\z-order\r1g4 sub team portfolio 쉐도우 부메랑\kyoko.cpp(640): warning C4553: '==': 식의 결과가 사용되지 않습니다. '='을(를) 의도했습니까?
c:\users\clxlz\onedrive\바탕 화면\팀 포트 폴리오\z-order\r1g4 sub team portfolio 쉐도우 부메랑\kyoko.cpp(647): warning C4553: '==': 식의 결과가 사용되지 않습니다. '='을(를) 의도했습니까?
c:\users\clxlz\onedrive\바탕 화면\팀 포트 폴리오\z-order\r1g4 sub team portfolio 쉐도우 부메랑\kyoko.cpp(686): warning C4553: '==': 식의 결과가 사용되지 않습니다. '='을(를) 의도했습니까?
c:\users\clxlz\onedrive\바탕 화면\팀 포트 폴리오\z-order\r1g4 sub team portfolio 쉐도우 부메랑\kyoko.cpp(693): warning C4553: '==': 식의 결과가 사용되지 않습니다. '='을(를) 의도했습니까?
c:\users\clxlz\onedrive\바탕 화면\팀 포트 폴리오\z-order\r1g4 sub team portfolio 쉐도우 부메랑\kyoko.cpp(732): warning C4553: '==': 식의 결과가 사용되지 않습니다. '='을(를) 의도했습니까?
c:\users\clxlz\onedrive\바탕 화면\팀 포트 폴리오\z-order\r1g4 sub team portfolio 쉐도우 부메랑\kyoko.cpp(739): warning C4553: '==': 식의 결과가 사용되지 않습니다. '='을(를) 의도했습니까?
c:\users\clxlz\onedrive\바탕 화면\팀 포트 폴리오\z-order\r1g4 sub team portfolio 쉐도우 부메랑\kyoko.cpp(778): warning C4553: '==': 식의 결과가 사용되지 않습니다. '='을(를) 의도했습니까?
c:\users\clxlz\onedrive\바탕 화면\팀 포트 폴리오\z-order\r1g4 sub team portfolio 쉐도우 부메랑\kyoko.cpp(785): warning C4553: '==': 식의 결과가 사용되지 않습니다. '='을(를) 의도했습니까?
  loadingScene.cpp
  MT.cpp
c:\users\clxlz\onedrive\바탕 화면\팀 포트 폴리오\z-order\r1g4 sub team portfolio 쉐도우 부메랑\enemy.h(168): warning C4244: '=': 'float'에서 'LONG'(으)로 변환하면서 데이터가 손실될 수 있습니다.
c:\users\clxlz\onedrive\바탕 화면\팀 포트 폴리오\z-order\r1g4 sub team portfolio 쉐도우 부메랑\enemy.h(169): warning C4244: '=': 'float'에서 'LONG'(으)로 변환하면서 데이터가 손실될 수 있습니다.
c:\users\clxlz\onedrive\바탕 화면\팀 포트 폴리오\z-order\r1g4 sub team portfolio 쉐도우 부메랑\kyoko.h(123): warning C4244: '=': 'float'에서 'LONG'(으)로 변환하면서 데이터가 손실될 수 있습니다.
c:\users\clxlz\onedrive\바탕 화면\팀 포트 폴리오\z-order\r1g4 sub team portfolio 쉐도우 부메랑\kyoko.h(124): warning C4244: '=': 'float'에서 'LONG'(으)로 변환하면서 데이터가 손실될 수 있습니다.
c:\users\clxlz\onedrive\바탕 화면\팀 포트 폴리오\z-order\r1g4 sub team portfolio 쉐도우 부메랑\mt.cpp(87): warning C4244: '인수': 'float'에서 'int'(으)로 변환하면서 데이터가 손실될 수 있습니다.
c:\users\clxlz\onedrive\바탕 화면\팀 포트 폴리오\z-order\r1g4 sub team portfolio 쉐도우 부메랑\mt.cpp(88): warning C4244: '인수': 'float'에서 'int'(으)로 변환하면서 데이터가 손실될 수 있습니다.
c:\users\clxlz\onedrive\바탕 화면\팀 포트 폴리오\z-order\r1g4 sub team portfolio 쉐도우 부메랑\mt.cpp(295): warning C4244: '인수': 'float'에서 'int'(으)로 변환하면서 데이터가 손실될 수 있습니다.
c:\users\clxlz\onedrive\바탕 화면\팀 포트 폴리오\z-order\r1g4 sub team portfolio 쉐도우 부메랑\mt.cpp(298): warning C4244: '인수': 'float'에서 'int'(으)로 변환하면서 데이터가 손실될 수 있습니다.
c:\users\clxlz\onedrive\바탕 화면\팀 포트 폴리오\z-order\r1g4 sub team portfolio 쉐도우 부메랑\mt.cpp(304): warning C4244: '인수': 'float'에서 'int'(으)로 변환하면서 데이터가 손실될 수 있습니다.
c:\users\clxlz\onedrive\바탕 화면\팀 포트 폴리오\z-order\r1g4 sub team portfolio 쉐도우 부메랑\mt.cpp(336): warning C4244: '인수': 'LONG'에서 'float'(으)로 변환하면서 데이터가 손실될 수 있습니다.
c:\users\clxlz\onedrive\바탕 화면\팀 포트 폴리오\z-order\r1g4 sub team portfolio 쉐도우 부메랑\mt.cpp(356): warning C4244: '인수': 'float'에서 'int'(으)로 변환하면서 데이터가 손실될 수 있습니다.
c:\users\clxlz\onedrive\바탕 화면\팀 포트 폴리오\z-order\r1g4 sub team portfolio 쉐도우 부메랑\mt.cpp(568): warning C4244: '인수': 'LONG'에서 'float'(으)로 변환하면서 데이터가 손실될 수 있습니다.
c:\users\clxlz\onedrive\바탕 화면\팀 포트 폴리오\z-order\r1g4 sub team portfolio 쉐도우 부메랑\mt.cpp(599): warning C4244: '+=': 'double'에서 'float'(으)로 변환하면서 데이터가 손실될 수 있습니다.
c:\users\clxlz\onedrive\바탕 화면\팀 포트 폴리오\z-order\r1g4 sub team portfolio 쉐도우 부메랑\mt.cpp(600): warning C4244: '+=': 'double'에서 'float'(으)로 변환하면서 데이터가 손실될 수 있습니다.
  코드를 생성하고 있습니다...
c:\users\clxlz\onedrive\바탕 화면\팀 포트 폴리오\z-order\r1g4 sub team portfolio 쉐도우 부메랑\cameramanager.cpp(44): warning C4715: 'CameraManager::CameraMake': 모든 제어 경로에서 값을 반환하지는 않습니다.
c:\users\clxlz\onedrive\바탕 화면\팀 포트 폴리오\z-order\r1g4 sub team portfolio 쉐도우 부메랑\cameramanager.cpp(92): warning C4715: 'CameraManager::CameraMake': 모든 제어 경로에서 값을 반환하지는 않습니다.
c:\users\clxlz\onedrive\바탕 화면\팀 포트 폴리오\z-order\r1g4 sub team portfolio 쉐도우 부메랑\cameramanager.cpp(123): warning C4715: 'CameraManager::CameraMake': 모든 제어 경로에서 값을 반환하지는 않습니다.
  컴파일하고 있습니다...
  opTion.cpp
c:\users\clxlz\onedrive\바탕 화면\팀 포트 폴리오\z-order\r1g4 sub team portfolio 쉐도우 부메랑\option.cpp(38): warning C4244: '인수': 'float'에서 'int'(으)로 변환하면서 데이터가 손실될 수 있습니다.
c:\users\clxlz\onedrive\바탕 화면\팀 포트 폴리오\z-order\r1g4 sub team portfolio 쉐도우 부메랑\option.cpp(42): warning C4244: '인수': 'float'에서 'int'(으)로 변환하면서 데이터가 손실될 수 있습니다.
c:\users\clxlz\onedrive\바탕 화면\팀 포트 폴리오\z-order\r1g4 sub team portfolio 쉐도우 부메랑\option.cpp(68): warning C4244: '인수': 'float'에서 'int'(으)로 변환하면서 데이터가 손실될 수 있습니다.
c:\users\clxlz\onedrive\바탕 화면\팀 포트 폴리오\z-order\r1g4 sub team portfolio 쉐도우 부메랑\option.cpp(80): warning C4244: '인수': 'float'에서 'int'(으)로 변환하면서 데이터가 손실될 수 있습니다.
c:\users\clxlz\onedrive\바탕 화면\팀 포트 폴리오\z-order\r1g4 sub team portfolio 쉐도우 부메랑\option.cpp(87): warning C4101: 'temp' :참조되지 않은 지역 변수입니다.
  playGround.cpp
c:\users\clxlz\onedrive\바탕 화면\팀 포트 폴리오\z-order\r1g4 sub team portfolio 쉐도우 부메랑\kyoko.h(123): warning C4244: '=': 'float'에서 'LONG'(으)로 변환하면서 데이터가 손실될 수 있습니다.
c:\users\clxlz\onedrive\바탕 화면\팀 포트 폴리오\z-order\r1g4 sub team portfolio 쉐도우 부메랑\kyoko.h(124): warning C4244: '=': 'float'에서 'LONG'(으)로 변환하면서 데이터가 손실될 수 있습니다.
c:\users\clxlz\onedrive\바탕 화면\팀 포트 폴리오\z-order\r1g4 sub team portfolio 쉐도우 부메랑\enemy.h(168): warning C4244: '=': 'float'에서 'LONG'(으)로 변환하면서 데이터가 손실될 수 있습니다.
c:\users\clxlz\onedrive\바탕 화면\팀 포트 폴리오\z-order\r1g4 sub team portfolio 쉐도우 부메랑\enemy.h(169): warning C4244: '=': 'float'에서 'LONG'(으)로 변환하면서 데이터가 손실될 수 있습니다.
  progressBar.cpp
c:\users\clxlz\onedrive\바탕 화면\팀 포트 폴리오\z-order\r1g4 sub team portfolio 쉐도우 부메랑\progressbar.cpp(6): warning C4244: '=': 'int'에서 'float'(으)로 변환하면서 데이터가 손실될 수 있습니다.
c:\users\clxlz\onedrive\바탕 화면\팀 포트 폴리오\z-order\r1g4 sub team portfolio 쉐도우 부메랑\progressbar.cpp(7): warning C4244: '=': 'int'에서 'float'(으)로 변환하면서 데이터가 손실될 수 있습니다.
c:\users\clxlz\onedrive\바탕 화면\팀 포트 폴리오\z-order\r1g4 sub team portfolio 쉐도우 부메랑\progressbar.cpp(15): warning C4244: '=': 'int'에서 'float'(으)로 변환하면서 데이터가 손실될 수 있습니다.
c:\users\clxlz\onedrive\바탕 화면\팀 포트 폴리오\z-order\r1g4 sub team portfolio 쉐도우 부메랑\progressbar.cpp(27): warning C4244: '인수': 'float'에서 'int'(으)로 변환하면서 데이터가 손실될 수 있습니다.
c:\users\clxlz\onedrive\바탕 화면\팀 포트 폴리오\z-order\r1g4 sub team portfolio 쉐도우 부메랑\progressbar.cpp(35): warning C4244: '인수': 'float'에서 'int'(으)로 변환하면서 데이터가 손실될 수 있습니다.
c:\users\clxlz\onedrive\바탕 화면\팀 포트 폴리오\z-order\r1g4 sub team portfolio 쉐도우 부메랑\progressbar.cpp(41): warning C4244: '인수': 'float'에서 'int'(으)로 변환하면서 데이터가 손실될 수 있습니다.
c:\users\clxlz\onedrive\바탕 화면\팀 포트 폴리오\z-order\r1g4 sub team portfolio 쉐도우 부메랑\progressbar.cpp(40): warning C4244: '인수': 'float'에서 'int'(으)로 변환하면서 데이터가 손실될 수 있습니다.
  saveLoad.cpp
c:\users\clxlz\onedrive\바탕 화면\팀 포트 폴리오\z-order\r1g4 sub team portfolio 쉐도우 부메랑\saveload.cpp(51): warning C4244: '인수': 'float'에서 'int'(으)로 변환하면서 데이터가 손실될 수 있습니다.
c:\users\clxlz\onedrive\바탕 화면\팀 포트 폴리오\z-order\r1g4 sub team portfolio 쉐도우 부메랑\saveload.cpp(94): warning C4267: '인수': 'size_t'에서 'int'(으)로 변환하면서 데이터가 손실될 수 있습니다.
c:\users\clxlz\onedrive\바탕 화면\팀 포트 폴리오\z-order\r1g4 sub team portfolio 쉐도우 부메랑\saveload.cpp(94): warning C4244: '인수': 'float'에서 'int'(으)로 변환하면서 데이터가 손실될 수 있습니다.
c:\users\clxlz\onedrive\바탕 화면\팀 포트 폴리오\z-order\r1g4 sub team portfolio 쉐도우 부메랑\saveload.cpp(107): warning C4267: '인수': 'size_t'에서 'int'(으)로 변환하면서 데이터가 손실될 수 있습니다.
c:\users\clxlz\onedrive\바탕 화면\팀 포트 폴리오\z-order\r1g4 sub team portfolio 쉐도우 부메랑\saveload.cpp(107): warning C4244: '인수': 'float'에서 'int'(으)로 변환하면서 데이터가 손실될 수 있습니다.
  sceneManager.cpp
  schoolBoy.cpp
c:\users\clxlz\onedrive\바탕 화면\팀 포트 폴리오\z-order\r1g4 sub team portfolio 쉐도우 부메랑\enemy.h(168): warning C4244: '=': 'float'에서 'LONG'(으)로 변환하면서 데이터가 손실될 수 있습니다.
c:\users\clxlz\onedrive\바탕 화면\팀 포트 폴리오\z-order\r1g4 sub team portfolio 쉐도우 부메랑\enemy.h(169): warning C4244: '=': 'float'에서 'LONG'(으)로 변환하면서 데이터가 손실될 수 있습니다.
c:\users\clxlz\onedrive\바탕 화면\팀 포트 폴리오\z-order\r1g4 sub team portfolio 쉐도우 부메랑\kyoko.h(123): warning C4244: '=': 'float'에서 'LONG'(으)로 변환하면서 데이터가 손실될 수 있습니다.
c:\users\clxlz\onedrive\바탕 화면\팀 포트 폴리오\z-order\r1g4 sub team portfolio 쉐도우 부메랑\kyoko.h(124): warning C4244: '=': 'float'에서 'LONG'(으)로 변환하면서 데이터가 손실될 수 있습니다.
c:\users\clxlz\onedrive\바탕 화면\팀 포트 폴리오\z-order\r1g4 sub team portfolio 쉐도우 부메랑\schoolboy.cpp(86): warning C4244: '인수': 'float'에서 'int'(으)로 변환하면서 데이터가 손실될 수 있습니다.
c:\users\clxlz\onedrive\바탕 화면\팀 포트 폴리오\z-order\r1g4 sub team portfolio 쉐도우 부메랑\schoolboy.cpp(87): warning C4244: '인수': 'float'에서 'int'(으)로 변환하면서 데이터가 손실될 수 있습니다.
c:\users\clxlz\onedrive\바탕 화면\팀 포트 폴리오\z-order\r1g4 sub team portfolio 쉐도우 부메랑\schoolboy.cpp(293): warning C4244: '인수': 'float'에서 'int'(으)로 변환하면서 데이터가 손실될 수 있습니다.
c:\users\clxlz\onedrive\바탕 화면\팀 포트 폴리오\z-order\r1g4 sub team portfolio 쉐도우 부메랑\schoolboy.cpp(296): warning C4244: '인수': 'float'에서 'int'(으)로 변환하면서 데이터가 손실될 수 있습니다.
c:\users\clxlz\onedrive\바탕 화면\팀 포트 폴리오\z-order\r1g4 sub team portfolio 쉐도우 부메랑\schoolboy.cpp(302): warning C4244: '인수': 'float'에서 'int'(으)로 변환하면서 데이터가 손실될 수 있습니다.
c:\users\clxlz\onedrive\바탕 화면\팀 포트 폴리오\z-order\r1g4 sub team portfolio 쉐도우 부메랑\schoolboy.cpp(334): warning C4244: '인수': 'LONG'에서 'float'(으)로 변환하면서 데이터가 손실될 수 있습니다.
c:\users\clxlz\onedrive\바탕 화면\팀 포트 폴리오\z-order\r1g4 sub team portfolio 쉐도우 부메랑\schoolboy.cpp(354): warning C4244: '인수': 'float'에서 'int'(으)로 변환하면서 데이터가 손실될 수 있습니다.
c:\users\clxlz\onedrive\바탕 화면\팀 포트 폴리오\z-order\r1g4 sub team portfolio 쉐도우 부메랑\schoolboy.cpp(566): warning C4244: '인수': 'LONG'에서 'float'(으)로 변환하면서 데이터가 손실될 수 있습니다.
c:\users\clxlz\onedrive\바탕 화면\팀 포트 폴리오\z-order\r1g4 sub team portfolio 쉐도우 부메랑\schoolboy.cpp(597): warning C4244: '+=': 'double'에서 'float'(으)로 변환하면서 데이터가 손실될 수 있습니다.
c:\users\clxlz\onedrive\바탕 화면\팀 포트 폴리오\z-order\r1g4 sub team portfolio 쉐도우 부메랑\schoolboy.cpp(598): warning C4244: '+=': 'double'에서 'float'(으)로 변환하면서 데이터가 손실될 수 있습니다.
c:\users\clxlz\onedrive\바탕 화면\팀 포트 폴리오\z-order\r1g4 sub team portfolio 쉐도우 부메랑\schoolboy.cpp(606): warning C4244: '-=': 'double'에서 'float'(으)로 변환하면서 데이터가 손실될 수 있습니다.
c:\users\clxlz\onedrive\바탕 화면\팀 포트 폴리오\z-order\r1g4 sub team portfolio 쉐도우 부메랑\schoolboy.cpp(609): warning C4244: '+=': 'double'에서 'float'(으)로 변환하면서 데이터가 손실될 수 있습니다.
  schoolGirl.cpp
c:\users\clxlz\onedrive\바탕 화면\팀 포트 폴리오\z-order\r1g4 sub team portfolio 쉐도우 부메랑\enemy.h(168): warning C4244: '=': 'float'에서 'LONG'(으)로 변환하면서 데이터가 손실될 수 있습니다.
c:\users\clxlz\onedrive\바탕 화면\팀 포트 폴리오\z-order\r1g4 sub team portfolio 쉐도우 부메랑\enemy.h(169): warning C4244: '=': 'float'에서 'LONG'(으)로 변환하면서 데이터가 손실될 수 있습니다.
c:\users\clxlz\onedrive\바탕 화면\팀 포트 폴리오\z-order\r1g4 sub team portfolio 쉐도우 부메랑\kyoko.h(123): warning C4244: '=': 'float'에서 'LONG'(으)로 변환하면서 데이터가 손실될 수 있습니다.
c:\users\clxlz\onedrive\바탕 화면\팀 포트 폴리오\z-order\r1g4 sub team portfolio 쉐도우 부메랑\kyoko.h(124): warning C4244: '=': 'float'에서 'LONG'(으)로 변환하면서 데이터가 손실될 수 있습니다.
c:\users\clxlz\onedrive\바탕 화면\팀 포트 폴리오\z-order\r1g4 sub team portfolio 쉐도우 부메랑\schoolgirl.cpp(90): warning C4244: '인수': 'float'에서 'int'(으)로 변환하면서 데이터가 손실될 수 있습니다.
c:\users\clxlz\onedrive\바탕 화면\팀 포트 폴리오\z-order\r1g4 sub team portfolio 쉐도우 부메랑\schoolgirl.cpp(91): warning C4244: '인수': 'float'에서 'int'(으)로 변환하면서 데이터가 손실될 수 있습니다.
c:\users\clxlz\onedrive\바탕 화면\팀 포트 폴리오\z-order\r1g4 sub team portfolio 쉐도우 부메랑\schoolgirl.cpp(295): warning C4244: '인수': 'float'에서 'int'(으)로 변환하면서 데이터가 손실될 수 있습니다.
c:\users\clxlz\onedrive\바탕 화면\팀 포트 폴리오\z-order\r1g4 sub team portfolio 쉐도우 부메랑\schoolgirl.cpp(298): warning C4244: '인수': 'float'에서 'int'(으)로 변환하면서 데이터가 손실될 수 있습니다.
c:\users\clxlz\onedrive\바탕 화면\팀 포트 폴리오\z-order\r1g4 sub team portfolio 쉐도우 부메랑\schoolgirl.cpp(304): warning C4244: '인수': 'float'에서 'int'(으)로 변환하면서 데이터가 손실될 수 있습니다.
c:\users\clxlz\onedrive\바탕 화면\팀 포트 폴리오\z-order\r1g4 sub team portfolio 쉐도우 부메랑\schoolgirl.cpp(335): warning C4244: '인수': 'LONG'에서 'float'(으)로 변환하면서 데이터가 손실될 수 있습니다.
c:\users\clxlz\onedrive\바탕 화면\팀 포트 폴리오\z-order\r1g4 sub team portfolio 쉐도우 부메랑\schoolgirl.cpp(355): warning C4244: '인수': 'float'에서 'int'(으)로 변환하면서 데이터가 손실될 수 있습니다.
c:\users\clxlz\onedrive\바탕 화면\팀 포트 폴리오\z-order\r1g4 sub team portfolio 쉐도우 부메랑\schoolgirl.cpp(567): warning C4244: '인수': 'LONG'에서 'float'(으)로 변환하면서 데이터가 손실될 수 있습니다.
c:\users\clxlz\onedrive\바탕 화면\팀 포트 폴리오\z-order\r1g4 sub team portfolio 쉐도우 부메랑\schoolgirl.cpp(568): warning C4101: 'temp' :참조되지 않은 지역 변수입니다.
  soundManager.cpp
c:\users\clxlz\onedrive\바탕 화면\팀 포트 폴리오\z-order\r1g4 sub team portfolio 쉐도우 부메랑\soundmanager.cpp(170): warning C4244: '인수': 'float'에서 'unsigned int'(으)로 변환하면서 데이터가 손실될 수 있습니다.
  stage2+zOrder.cpp
c:\users\clxlz\onedrive\바탕 화면\팀 포트 폴리오\z-order\r1g4 sub team portfolio 쉐도우 부메랑\kyoko.h(123): warning C4244: '=': 'float'에서 'LONG'(으)로 변환하면서 데이터가 손실될 수 있습니다.
c:\users\clxlz\onedrive\바탕 화면\팀 포트 폴리오\z-order\r1g4 sub team portfolio 쉐도우 부메랑\kyoko.h(124): warning C4244: '=': 'float'에서 'LONG'(으)로 변환하면서 데이터가 손실될 수 있습니다.
c:\users\clxlz\onedrive\바탕 화면\팀 포트 폴리오\z-order\r1g4 sub team portfolio 쉐도우 부메랑\enemy.h(168): warning C4244: '=': 'float'에서 'LONG'(으)로 변환하면서 데이터가 손실될 수 있습니다.
c:\users\clxlz\onedrive\바탕 화면\팀 포트 폴리오\z-order\r1g4 sub team portfolio 쉐도우 부메랑\enemy.h(169): warning C4244: '=': 'float'에서 'LONG'(으)로 변환하면서 데이터가 손실될 수 있습니다.
c:\users\clxlz\onedrive\바탕 화면\팀 포트 폴리오\z-order\r1g4 sub team portfolio 쉐도우 부메랑\stage2+zorder.cpp(13): warning C4267: '인수': 'size_t'에서 'int'(으)로 변환하면서 데이터가 손실될 수 있습니다.
  stage2.cpp
c:\users\clxlz\onedrive\바탕 화면\팀 포트 폴리오\z-order\r1g4 sub team portfolio 쉐도우 부메랑\kyoko.h(123): warning C4244: '=': 'float'에서 'LONG'(으)로 변환하면서 데이터가 손실될 수 있습니다.
c:\users\clxlz\onedrive\바탕 화면\팀 포트 폴리오\z-order\r1g4 sub team portfolio 쉐도우 부메랑\kyoko.h(124): warning C4244: '=': 'float'에서 'LONG'(으)로 변환하면서 데이터가 손실될 수 있습니다.
c:\users\clxlz\onedrive\바탕 화면\팀 포트 폴리오\z-order\r1g4 sub team portfolio 쉐도우 부메랑\enemy.h(168): warning C4244: '=': 'float'에서 'LONG'(으)로 변환하면서 데이터가 손실될 수 있습니다.
c:\users\clxlz\onedrive\바탕 화면\팀 포트 폴리오\z-order\r1g4 sub team portfolio 쉐도우 부메랑\enemy.h(169): warning C4244: '=': 'float'에서 'LONG'(으)로 변환하면서 데이터가 손실될 수 있습니다.
c:\users\clxlz\onedrive\바탕 화면\팀 포트 폴리오\z-order\r1g4 sub team portfolio 쉐도우 부메랑\stage2.cpp(16): warning C4244: '인수': 'float'에서 'int'(으)로 변환하면서 데이터가 손실될 수 있습니다.
c:\users\clxlz\onedrive\바탕 화면\팀 포트 폴리오\z-order\r1g4 sub team portfolio 쉐도우 부메랑\stage2.cpp(21): warning C4244: '인수': 'float'에서 'int'(으)로 변환하면서 데이터가 손실될 수 있습니다.
c:\users\clxlz\onedrive\바탕 화면\팀 포트 폴리오\z-order\r1g4 sub team portfolio 쉐도우 부메랑\stage2.cpp(67): warning C4244: '인수': 'float'에서 'int'(으)로 변환하면서 데이터가 손실될 수 있습니다.
c:\users\clxlz\onedrive\바탕 화면\팀 포트 폴리오\z-order\r1g4 sub team portfolio 쉐도우 부메랑\stage2.cpp(68): warning C4244: '인수': 'float'에서 'int'(으)로 변환하면서 데이터가 손실될 수 있습니다.
c:\users\clxlz\onedrive\바탕 화면\팀 포트 폴리오\z-order\r1g4 sub team portfolio 쉐도우 부메랑\stage2.cpp(85): warning C4244: '인수': 'LONG'에서 'float'(으)로 변환하면서 데이터가 손실될 수 있습니다.
c:\users\clxlz\onedrive\바탕 화면\팀 포트 폴리오\z-order\r1g4 sub team portfolio 쉐도우 부메랑\stage2.cpp(102): warning C4244: '인수': 'LONG'에서 'float'(으)로 변환하면서 데이터가 손실될 수 있습니다.
c:\users\clxlz\onedrive\바탕 화면\팀 포트 폴리오\z-order\r1g4 sub team portfolio 쉐도우 부메랑\stage2.cpp(118): warning C4244: '인수': 'LONG'에서 'float'(으)로 변환하면서 데이터가 손실될 수 있습니다.
c:\users\clxlz\onedrive\바탕 화면\팀 포트 폴리오\z-order\r1g4 sub team portfolio 쉐도우 부메랑\stage2.cpp(135): warning C4244: '인수': 'LONG'에서 'float'(으)로 변환하면서 데이터가 손실될 수 있습니다.
  StartScene.cpp
  StatusManager.cpp
c:\users\clxlz\onedrive\바탕 화면\팀 포트 폴리오\z-order\r1g4 sub team portfolio 쉐도우 부메랑\statusmanager.cpp(29): warning C4267: '초기화 중': 'size_t'에서 'int'(으)로 변환하면서 데이터가 손실될 수 있습니다.
  tempStage+zOrder.cpp
c:\users\clxlz\onedrive\바탕 화면\팀 포트 폴리오\z-order\r1g4 sub team portfolio 쉐도우 부메랑\kyoko.h(123): warning C4244: '=': 'float'에서 'LONG'(으)로 변환하면서 데이터가 손실될 수 있습니다.
c:\users\clxlz\onedrive\바탕 화면\팀 포트 폴리오\z-order\r1g4 sub team portfolio 쉐도우 부메랑\kyoko.h(124): warning C4244: '=': 'float'에서 'LONG'(으)로 변환하면서 데이터가 손실될 수 있습니다.
c:\users\clxlz\onedrive\바탕 화면\팀 포트 폴리오\z-order\r1g4 sub team portfolio 쉐도우 부메랑\enemy.h(168): warning C4244: '=': 'float'에서 'LONG'(으)로 변환하면서 데이터가 손실될 수 있습니다.
c:\users\clxlz\onedrive\바탕 화면\팀 포트 폴리오\z-order\r1g4 sub team portfolio 쉐도우 부메랑\enemy.h(169): warning C4244: '=': 'float'에서 'LONG'(으)로 변환하면서 데이터가 손실될 수 있습니다.
c:\users\clxlz\onedrive\바탕 화면\팀 포트 폴리오\z-order\r1g4 sub team portfolio 쉐도우 부메랑\tempstage+zorder.cpp(17): warning C4267: '인수': 'size_t'에서 'int'(으)로 변환하면서 데이터가 손실될 수 있습니다.
  tempStage.cpp
c:\users\clxlz\onedrive\바탕 화면\팀 포트 폴리오\z-order\r1g4 sub team portfolio 쉐도우 부메랑\kyoko.h(123): warning C4244: '=': 'float'에서 'LONG'(으)로 변환하면서 데이터가 손실될 수 있습니다.
c:\users\clxlz\onedrive\바탕 화면\팀 포트 폴리오\z-order\r1g4 sub team portfolio 쉐도우 부메랑\kyoko.h(124): warning C4244: '=': 'float'에서 'LONG'(으)로 변환하면서 데이터가 손실될 수 있습니다.
c:\users\clxlz\onedrive\바탕 화면\팀 포트 폴리오\z-order\r1g4 sub team portfolio 쉐도우 부메랑\enemy.h(168): warning C4244: '=': 'float'에서 'LONG'(으)로 변환하면서 데이터가 손실될 수 있습니다.
c:\users\clxlz\onedrive\바탕 화면\팀 포트 폴리오\z-order\r1g4 sub team portfolio 쉐도우 부메랑\enemy.h(169): warning C4244: '=': 'float'에서 'LONG'(으)로 변환하면서 데이터가 손실될 수 있습니다.
c:\users\clxlz\onedrive\바탕 화면\팀 포트 폴리오\z-order\r1g4 sub team portfolio 쉐도우 부메랑\tempstage.cpp(155): warning C4244: '인수': 'LONG'에서 'float'(으)로 변환하면서 데이터가 손실될 수 있습니다.
c:\users\clxlz\onedrive\바탕 화면\팀 포트 폴리오\z-order\r1g4 sub team portfolio 쉐도우 부메랑\tempstage.cpp(164): warning C4244: '인수': 'LONG'에서 'float'(으)로 변환하면서 데이터가 손실될 수 있습니다.
c:\users\clxlz\onedrive\바탕 화면\팀 포트 폴리오\z-order\r1g4 sub team portfolio 쉐도우 부메랑\tempstage.cpp(187): warning C4244: '인수': 'LONG'에서 'float'(으)로 변환하면서 데이터가 손실될 수 있습니다.
c:\users\clxlz\onedrive\바탕 화면\팀 포트 폴리오\z-order\r1g4 sub team portfolio 쉐도우 부메랑\tempstage.cpp(193): warning C4244: '인수': 'LONG'에서 'float'(으)로 변환하면서 데이터가 손실될 수 있습니다.
c:\users\clxlz\onedrive\바탕 화면\팀 포트 폴리오\z-order\r1g4 sub team portfolio 쉐도우 부메랑\tempstage.cpp(200): warning C4244: '인수': 'LONG'에서 'float'(으)로 변환하면서 데이터가 손실될 수 있습니다.
c:\users\clxlz\onedrive\바탕 화면\팀 포트 폴리오\z-order\r1g4 sub team portfolio 쉐도우 부메랑\tempstage.cpp(206): warning C4244: '인수': 'LONG'에서 'float'(으)로 변환하면서 데이터가 손실될 수 있습니다.
c:\users\clxlz\onedrive\바탕 화면\팀 포트 폴리오\z-order\r1g4 sub team portfolio 쉐도우 부메랑\tempstage.cpp(223): warning C4244: '인수': 'LONG'에서 'float'(으)로 변환하면서 데이터가 손실될 수 있습니다.
c:\users\clxlz\onedrive\바탕 화면\팀 포트 폴리오\z-order\r1g4 sub team portfolio 쉐도우 부메랑\tempstage.cpp(259): warning C4244: '인수': 'LONG'에서 'float'(으)로 변환하면서 데이터가 손실될 수 있습니다.
c:\users\clxlz\onedrive\바탕 화면\팀 포트 폴리오\z-order\r1g4 sub team portfolio 쉐도우 부메랑\tempstage.cpp(276): warning C4244: '인수': 'LONG'에서 'float'(으)로 변환하면서 데이터가 손실될 수 있습니다.
c:\users\clxlz\onedrive\바탕 화면\팀 포트 폴리오\z-order\r1g4 sub team portfolio 쉐도우 부메랑\tempstage.cpp(292): warning C4244: '인수': 'LONG'에서 'float'(으)로 변환하면서 데이터가 손실될 수 있습니다.
c:\users\clxlz\onedrive\바탕 화면\팀 포트 폴리오\z-order\r1g4 sub team portfolio 쉐도우 부메랑\tempstage.cpp(309): warning C4244: '인수': 'LONG'에서 'float'(으)로 변환하면서 데이터가 손실될 수 있습니다.
  timeManager.cpp
c:\users\clxlz\onedrive\바탕 화면\팀 포트 폴리오\z-order\r1g4 sub team portfolio 쉐도우 부메랑\timemanager.cpp(46): warning C4267: '인수': 'size_t'에서 'int'(으)로 변환하면서 데이터가 손실될 수 있습니다.
c:\users\clxlz\onedrive\바탕 화면\팀 포트 폴리오\z-order\r1g4 sub team portfolio 쉐도우 부메랑\timemanager.cpp(49): warning C4267: '인수': 'size_t'에서 'int'(으)로 변환하면서 데이터가 손실될 수 있습니다.
c:\users\clxlz\onedrive\바탕 화면\팀 포트 폴리오\z-order\r1g4 sub team portfolio 쉐도우 부메랑\timemanager.cpp(52): warning C4267: '인수': 'size_t'에서 'int'(으)로 변환하면서 데이터가 손실될 수 있습니다.
  timer.cpp
  txtData.cpp
  UIManager.cpp
c:\users\clxlz\onedrive\바탕 화면\팀 포트 폴리오\z-order\r1g4 sub team portfolio 쉐도우 부메랑\kyoko.h(123): warning C4244: '=': 'float'에서 'LONG'(으)로 변환하면서 데이터가 손실될 수 있습니다.
c:\users\clxlz\onedrive\바탕 화면\팀 포트 폴리오\z-order\r1g4 sub team portfolio 쉐도우 부메랑\kyoko.h(124): warning C4244: '=': 'float'에서 'LONG'(으)로 변환하면서 데이터가 손실될 수 있습니다.
c:\users\clxlz\onedrive\바탕 화면\팀 포트 폴리오\z-order\r1g4 sub team portfolio 쉐도우 부메랑\uimanager.cpp(20): warning C4244: '인수': 'float'에서 'int'(으)로 변환하면서 데이터가 손실될 수 있습니다.
  utils.cpp
  videoManager.cpp
  코드를 생성하고 있습니다...
c:\users\clxlz\onedrive\바탕 화면\팀 포트 폴리오\z-order\r1g4 sub team portfolio 쉐도우 부메랑\txtdata.cpp(47): warning C4172: 지역 변수 또는 임시: str의 주소를 반환하고 있습니다.
  컴파일하고 있습니다...
  winMain.cpp
c:\users\clxlz\onedrive\바탕 화면\팀 포트 폴리오\z-order\r1g4 sub team portfolio 쉐도우 부메랑\kyoko.h(123): warning C4244: '=': 'float'에서 'LONG'(으)로 변환하면서 데이터가 손실될 수 있습니다.
c:\users\clxlz\onedrive\바탕 화면\팀 포트 폴리오\z-order\r1g4 sub team portfolio 쉐도우 부메랑\kyoko.h(124): warning C4244: '=': 'float'에서 'LONG'(으)로 변환하면서 데이터가 손실될 수 있습니다.
c:\users\clxlz\onedrive\바탕 화면\팀 포트 폴리오\z-order\r1g4 sub team portfolio 쉐도우 부메랑\enemy.h(168): warning C4244: '=': 'float'에서 'LONG'(으)로 변환하면서 데이터가 손실될 수 있습니다.
c:\users\clxlz\onedrive\바탕 화면\팀 포트 폴리오\z-order\r1g4 sub team portfolio 쉐도우 부메랑\enemy.h(169): warning C4244: '=': 'float'에서 'LONG'(으)로 변환하면서 데이터가 손실될 수 있습니다.
c:\users\clxlz\onedrive\바탕 화면\팀 포트 폴리오\z-order\r1g4 sub team portfolio 쉐도우 부메랑\winmain.cpp(89): warning C4244: 'return': 'WPARAM'에서 'int'(으)로 변환하면서 데이터가 손실될 수 있습니다.
  코드를 생성하고 있습니다...
  windowAPI.vcxproj -> C:\Users\clxlz\OneDrive\바탕 화면\팀 포트 폴리오\Z-order\R1G4 Sub Team Portfolio 쉐도우 부메랑\x64\Debug\windowAPI.exe
