  stdafx.cpp
  animation.cpp
  BossStage.cpp
c:\users\huny0\onedrive\바탕 화면\팀포폴 괴이한에러발생\kyoko.h(130): warning C4244: '=': 'float'에서 'LONG'(으)로 변환하면서 데이터가 손실될 수 있습니다.
c:\users\huny0\onedrive\바탕 화면\팀포폴 괴이한에러발생\kyoko.h(131): warning C4244: '=': 'float'에서 'LONG'(으)로 변환하면서 데이터가 손실될 수 있습니다.
c:\users\huny0\onedrive\바탕 화면\팀포폴 괴이한에러발생\enemy.h(203): warning C4244: '=': 'float'에서 'LONG'(으)로 변환하면서 데이터가 손실될 수 있습니다.
c:\users\huny0\onedrive\바탕 화면\팀포폴 괴이한에러발생\enemy.h(204): warning C4244: '=': 'float'에서 'LONG'(으)로 변환하면서 데이터가 손실될 수 있습니다.
  button.cpp
c:\users\huny0\onedrive\바탕 화면\팀포폴 괴이한에러발생\button.cpp(19): warning C4244: '인수': 'float'에서 'int'(으)로 변환하면서 데이터가 손실될 수 있습니다.
  CameraManager.cpp
c:\users\huny0\onedrive\바탕 화면\팀포폴 괴이한에러발생\cameramanager.cpp(136): warning C4244: '=': 'LONG'에서 'float'(으)로 변환하면서 데이터가 손실될 수 있습니다.
c:\users\huny0\onedrive\바탕 화면\팀포폴 괴이한에러발생\cameramanager.cpp(137): warning C4244: '=': 'LONG'에서 'float'(으)로 변환하면서 데이터가 손실될 수 있습니다.
c:\users\huny0\onedrive\바탕 화면\팀포폴 괴이한에러발생\cameramanager.cpp(141): warning C4244: '인수': 'float'에서 'int'(으)로 변환하면서 데이터가 손실될 수 있습니다.
c:\users\huny0\onedrive\바탕 화면\팀포폴 괴이한에러발생\cameramanager.cpp(140): warning C4244: '인수': 'float'에서 'int'(으)로 변환하면서 데이터가 손실될 수 있습니다.
c:\users\huny0\onedrive\바탕 화면\팀포폴 괴이한에러발생\cameramanager.cpp(133): warning C4101: 'mapImg' :참조되지 않은 지역 변수입니다.
  cheerLeader.cpp
c:\users\huny0\onedrive\바탕 화면\팀포폴 괴이한에러발생\enemy.h(203): warning C4244: '=': 'float'에서 'LONG'(으)로 변환하면서 데이터가 손실될 수 있습니다.
c:\users\huny0\onedrive\바탕 화면\팀포폴 괴이한에러발생\enemy.h(204): warning C4244: '=': 'float'에서 'LONG'(으)로 변환하면서 데이터가 손실될 수 있습니다.
c:\users\huny0\onedrive\바탕 화면\팀포폴 괴이한에러발생\kyoko.h(130): warning C4244: '=': 'float'에서 'LONG'(으)로 변환하면서 데이터가 손실될 수 있습니다.
c:\users\huny0\onedrive\바탕 화면\팀포폴 괴이한에러발생\kyoko.h(131): warning C4244: '=': 'float'에서 'LONG'(으)로 변환하면서 데이터가 손실될 수 있습니다.
c:\users\huny0\onedrive\바탕 화면\팀포폴 괴이한에러발생\cheerleader.cpp(86): warning C4244: '인수': 'float'에서 'int'(으)로 변환하면서 데이터가 손실될 수 있습니다.
c:\users\huny0\onedrive\바탕 화면\팀포폴 괴이한에러발생\cheerleader.cpp(87): warning C4244: '인수': 'float'에서 'int'(으)로 변환하면서 데이터가 손실될 수 있습니다.
c:\users\huny0\onedrive\바탕 화면\팀포폴 괴이한에러발생\cheerleader.cpp(301): warning C4244: '인수': 'float'에서 'int'(으)로 변환하면서 데이터가 손실될 수 있습니다.
c:\users\huny0\onedrive\바탕 화면\팀포폴 괴이한에러발생\cheerleader.cpp(304): warning C4244: '인수': 'float'에서 'int'(으)로 변환하면서 데이터가 손실될 수 있습니다.
c:\users\huny0\onedrive\바탕 화면\팀포폴 괴이한에러발생\cheerleader.cpp(309): warning C4244: '인수': 'float'에서 'int'(으)로 변환하면서 데이터가 손실될 수 있습니다.
c:\users\huny0\onedrive\바탕 화면\팀포폴 괴이한에러발생\cheerleader.cpp(312): warning C4244: '인수': 'float'에서 'int'(으)로 변환하면서 데이터가 손실될 수 있습니다.
c:\users\huny0\onedrive\바탕 화면\팀포폴 괴이한에러발생\cheerleader.cpp(344): warning C4244: '인수': 'LONG'에서 'float'(으)로 변환하면서 데이터가 손실될 수 있습니다.
c:\users\huny0\onedrive\바탕 화면\팀포폴 괴이한에러발생\cheerleader.cpp(364): warning C4244: '인수': 'float'에서 'int'(으)로 변환하면서 데이터가 손실될 수 있습니다.
c:\users\huny0\onedrive\바탕 화면\팀포폴 괴이한에러발생\cheerleader.cpp(579): warning C4244: '인수': 'LONG'에서 'float'(으)로 변환하면서 데이터가 손실될 수 있습니다.
c:\users\huny0\onedrive\바탕 화면\팀포폴 괴이한에러발생\cheerleader.cpp(609): warning C4244: '+=': 'double'에서 'float'(으)로 변환하면서 데이터가 손실될 수 있습니다.
c:\users\huny0\onedrive\바탕 화면\팀포폴 괴이한에러발생\cheerleader.cpp(610): warning C4244: '+=': 'double'에서 'float'(으)로 변환하면서 데이터가 손실될 수 있습니다.
c:\users\huny0\onedrive\바탕 화면\팀포폴 괴이한에러발생\cheerleader.cpp(618): warning C4244: '-=': 'double'에서 'float'(으)로 변환하면서 데이터가 손실될 수 있습니다.
c:\users\huny0\onedrive\바탕 화면\팀포폴 괴이한에러발생\cheerleader.cpp(621): warning C4244: '+=': 'double'에서 'float'(으)로 변환하면서 데이터가 손실될 수 있습니다.
c:\users\huny0\onedrive\바탕 화면\팀포폴 괴이한에러발생\cheerleader.cpp(580): warning C4101: 'temp' :참조되지 않은 지역 변수입니다.
  effect.cpp
  effectManager.cpp
  enemy.cpp
c:\users\huny0\onedrive\바탕 화면\팀포폴 괴이한에러발생\enemy.h(203): warning C4244: '=': 'float'에서 'LONG'(으)로 변환하면서 데이터가 손실될 수 있습니다.
c:\users\huny0\onedrive\바탕 화면\팀포폴 괴이한에러발생\enemy.h(204): warning C4244: '=': 'float'에서 'LONG'(으)로 변환하면서 데이터가 손실될 수 있습니다.
c:\users\huny0\onedrive\바탕 화면\팀포폴 괴이한에러발생\enemy.cpp(63): warning C4244: '인수': 'float'에서 'int'(으)로 변환하면서 데이터가 손실될 수 있습니다.
c:\users\huny0\onedrive\바탕 화면\팀포폴 괴이한에러발생\enemy.cpp(65): warning C4244: '인수': 'float'에서 'int'(으)로 변환하면서 데이터가 손실될 수 있습니다.
c:\users\huny0\onedrive\바탕 화면\팀포폴 괴이한에러발생\enemy.cpp(103): warning C4244: '인수': 'float'에서 'int'(으)로 변환하면서 데이터가 손실될 수 있습니다.
c:\users\huny0\onedrive\바탕 화면\팀포폴 괴이한에러발생\enemy.cpp(106): warning C4244: '인수': 'float'에서 'int'(으)로 변환하면서 데이터가 손실될 수 있습니다.
c:\users\huny0\onedrive\바탕 화면\팀포폴 괴이한에러발생\enemy.cpp(116): warning C4244: '인수': 'float'에서 'int'(으)로 변환하면서 데이터가 손실될 수 있습니다.
c:\users\huny0\onedrive\바탕 화면\팀포폴 괴이한에러발생\enemy.cpp(119): warning C4244: '인수': 'float'에서 'int'(으)로 변환하면서 데이터가 손실될 수 있습니다.
  enemyAttack.cpp
  enemyManager.cpp
c:\users\huny0\onedrive\바탕 화면\팀포폴 괴이한에러발생\enemy.h(203): warning C4244: '=': 'float'에서 'LONG'(으)로 변환하면서 데이터가 손실될 수 있습니다.
c:\users\huny0\onedrive\바탕 화면\팀포폴 괴이한에러발생\enemy.h(204): warning C4244: '=': 'float'에서 'LONG'(으)로 변환하면서 데이터가 손실될 수 있습니다.
c:\users\huny0\onedrive\바탕 화면\팀포폴 괴이한에러발생\kyoko.h(130): warning C4244: '=': 'float'에서 'LONG'(으)로 변환하면서 데이터가 손실될 수 있습니다.
c:\users\huny0\onedrive\바탕 화면\팀포폴 괴이한에러발생\kyoko.h(131): warning C4244: '=': 'float'에서 'LONG'(으)로 변환하면서 데이터가 손실될 수 있습니다.
c:\users\huny0\onedrive\바탕 화면\팀포폴 괴이한에러발생\enemymanager.cpp(59): warning C4244: '인수': 'LONG'에서 'float'(으)로 변환하면서 데이터가 손실될 수 있습니다.
  gameNode.cpp
c:\users\huny0\onedrive\바탕 화면\팀포폴 괴이한에러발생\gamenode.cpp(112): warning C4244: '=': 'float'에서 'LONG'(으)로 변환하면서 데이터가 손실될 수 있습니다.
c:\users\huny0\onedrive\바탕 화면\팀포폴 괴이한에러발생\gamenode.cpp(113): warning C4244: '=': 'float'에서 'LONG'(으)로 변환하면서 데이터가 손실될 수 있습니다.
c:\users\huny0\onedrive\바탕 화면\팀포폴 괴이한에러발생\gamenode.cpp(106): warning C4101: 'hdc' :참조되지 않은 지역 변수입니다.
c:\users\huny0\onedrive\바탕 화면\팀포폴 괴이한에러발생\gamenode.cpp(105): warning C4101: 'ps' :참조되지 않은 지역 변수입니다.
  image.cpp
c:\users\huny0\onedrive\바탕 화면\팀포폴 괴이한에러발생\image.cpp(76): warning C4267: '초기화 중': 'size_t'에서 'int'(으)로 변환하면서 데이터가 손실될 수 있습니다.
c:\users\huny0\onedrive\바탕 화면\팀포폴 괴이한에러발생\image.cpp(131): warning C4267: '초기화 중': 'size_t'에서 'int'(으)로 변환하면서 데이터가 손실될 수 있습니다.
c:\users\huny0\onedrive\바탕 화면\팀포폴 괴이한에러발생\image.cpp(184): warning C4267: '초기화 중': 'size_t'에서 'int'(으)로 변환하면서 데이터가 손실될 수 있습니다.
c:\users\huny0\onedrive\바탕 화면\팀포폴 괴이한에러발생\image.cpp(422): warning C4244: '인수': 'float'에서 'int'(으)로 변환하면서 데이터가 손실될 수 있습니다.
c:\users\huny0\onedrive\바탕 화면\팀포폴 괴이한에러발생\image.cpp(428): warning C4244: '인수': 'float'에서 'int'(으)로 변환하면서 데이터가 손실될 수 있습니다.
c:\users\huny0\onedrive\바탕 화면\팀포폴 괴이한에러발생\image.cpp(434): warning C4244: '인수': 'float'에서 'int'(으)로 변환하면서 데이터가 손실될 수 있습니다.
c:\users\huny0\onedrive\바탕 화면\팀포폴 괴이한에러발생\image.cpp(697): warning C4244: '인수': 'float'에서 'int'(으)로 변환하면서 데이터가 손실될 수 있습니다.
c:\users\huny0\onedrive\바탕 화면\팀포폴 괴이한에러발생\image.cpp(703): warning C4244: '인수': 'float'에서 'int'(으)로 변환하면서 데이터가 손실될 수 있습니다.
c:\users\huny0\onedrive\바탕 화면\팀포폴 괴이한에러발생\image.cpp(709): warning C4244: '인수': 'float'에서 'int'(으)로 변환하면서 데이터가 손실될 수 있습니다.
  imageManager.cpp
  iniDataManager.cpp
  item.cpp
c:\users\huny0\onedrive\바탕 화면\팀포폴 괴이한에러발생\item.cpp(48): warning C4244: '인수': 'float'에서 'int'(으)로 변환하면서 데이터가 손실될 수 있습니다.
c:\users\huny0\onedrive\바탕 화면\팀포폴 괴이한에러발생\item.cpp(63): warning C4244: '인수': 'float'에서 'int'(으)로 변환하면서 데이터가 손실될 수 있습니다.
  jump.cpp
  keyAniManager.cpp
  keyManager.cpp
  kyoko.cpp
c:\users\huny0\onedrive\바탕 화면\팀포폴 괴이한에러발생\kyoko.h(130): warning C4244: '=': 'float'에서 'LONG'(으)로 변환하면서 데이터가 손실될 수 있습니다.
c:\users\huny0\onedrive\바탕 화면\팀포폴 괴이한에러발생\kyoko.h(131): warning C4244: '=': 'float'에서 'LONG'(으)로 변환하면서 데이터가 손실될 수 있습니다.
c:\users\huny0\onedrive\바탕 화면\팀포폴 괴이한에러발생\kyoko.cpp(21): warning C4244: '인수': 'float'에서 'int'(으)로 변환하면서 데이터가 손실될 수 있습니다.
c:\users\huny0\onedrive\바탕 화면\팀포폴 괴이한에러발생\kyoko.cpp(26): warning C4244: '=': 'LONG'에서 'float'(으)로 변환하면서 데이터가 손실될 수 있습니다.
c:\users\huny0\onedrive\바탕 화면\팀포폴 괴이한에러발생\kyoko.cpp(27): warning C4244: '=': 'LONG'에서 'float'(으)로 변환하면서 데이터가 손실될 수 있습니다.
c:\users\huny0\onedrive\바탕 화면\팀포폴 괴이한에러발생\kyoko.cpp(71): warning C4244: '=': 'LONG'에서 'float'(으)로 변환하면서 데이터가 손실될 수 있습니다.
c:\users\huny0\onedrive\바탕 화면\팀포폴 괴이한에러발생\kyoko.cpp(72): warning C4244: '=': 'LONG'에서 'float'(으)로 변환하면서 데이터가 손실될 수 있습니다.
c:\users\huny0\onedrive\바탕 화면\팀포폴 괴이한에러발생\kyoko.cpp(73): warning C4244: '인수': 'float'에서 'int'(으)로 변환하면서 데이터가 손실될 수 있습니다.
c:\users\huny0\onedrive\바탕 화면\팀포폴 괴이한에러발생\kyoko.cpp(76): warning C4244: '인수': 'float'에서 'int'(으)로 변환하면서 데이터가 손실될 수 있습니다.
c:\users\huny0\onedrive\바탕 화면\팀포폴 괴이한에러발생\kyoko.cpp(81): warning C4244: '=': 'LONG'에서 'float'(으)로 변환하면서 데이터가 손실될 수 있습니다.
c:\users\huny0\onedrive\바탕 화면\팀포폴 괴이한에러발생\kyoko.cpp(82): warning C4244: '=': 'LONG'에서 'float'(으)로 변환하면서 데이터가 손실될 수 있습니다.
c:\users\huny0\onedrive\바탕 화면\팀포폴 괴이한에러발생\kyoko.cpp(83): warning C4244: '인수': 'float'에서 'int'(으)로 변환하면서 데이터가 손실될 수 있습니다.
c:\users\huny0\onedrive\바탕 화면\팀포폴 괴이한에러발생\kyoko.cpp(86): warning C4244: '인수': 'float'에서 'int'(으)로 변환하면서 데이터가 손실될 수 있습니다.
c:\users\huny0\onedrive\바탕 화면\팀포폴 괴이한에러발생\kyoko.cpp(89): warning C4244: '인수': 'float'에서 'int'(으)로 변환하면서 데이터가 손실될 수 있습니다.
c:\users\huny0\onedrive\바탕 화면\팀포폴 괴이한에러발생\kyoko.cpp(668): warning C4553: '==': 식의 결과가 사용되지 않습니다. '='을(를) 의도했습니까?
c:\users\huny0\onedrive\바탕 화면\팀포폴 괴이한에러발생\kyoko.cpp(675): warning C4553: '==': 식의 결과가 사용되지 않습니다. '='을(를) 의도했습니까?
c:\users\huny0\onedrive\바탕 화면\팀포폴 괴이한에러발생\kyoko.cpp(714): warning C4553: '==': 식의 결과가 사용되지 않습니다. '='을(를) 의도했습니까?
c:\users\huny0\onedrive\바탕 화면\팀포폴 괴이한에러발생\kyoko.cpp(721): warning C4553: '==': 식의 결과가 사용되지 않습니다. '='을(를) 의도했습니까?
c:\users\huny0\onedrive\바탕 화면\팀포폴 괴이한에러발생\kyoko.cpp(760): warning C4553: '==': 식의 결과가 사용되지 않습니다. '='을(를) 의도했습니까?
c:\users\huny0\onedrive\바탕 화면\팀포폴 괴이한에러발생\kyoko.cpp(767): warning C4553: '==': 식의 결과가 사용되지 않습니다. '='을(를) 의도했습니까?
c:\users\huny0\onedrive\바탕 화면\팀포폴 괴이한에러발생\kyoko.cpp(806): warning C4553: '==': 식의 결과가 사용되지 않습니다. '='을(를) 의도했습니까?
c:\users\huny0\onedrive\바탕 화면\팀포폴 괴이한에러발생\kyoko.cpp(813): warning C4553: '==': 식의 결과가 사용되지 않습니다. '='을(를) 의도했습니까?
  loadingScene.cpp
  컴파일하고 있습니다...
  MT.cpp
c:\users\huny0\onedrive\바탕 화면\팀포폴 괴이한에러발생\enemy.h(203): warning C4244: '=': 'float'에서 'LONG'(으)로 변환하면서 데이터가 손실될 수 있습니다.
c:\users\huny0\onedrive\바탕 화면\팀포폴 괴이한에러발생\enemy.h(204): warning C4244: '=': 'float'에서 'LONG'(으)로 변환하면서 데이터가 손실될 수 있습니다.
c:\users\huny0\onedrive\바탕 화면\팀포폴 괴이한에러발생\kyoko.h(130): warning C4244: '=': 'float'에서 'LONG'(으)로 변환하면서 데이터가 손실될 수 있습니다.
c:\users\huny0\onedrive\바탕 화면\팀포폴 괴이한에러발생\kyoko.h(131): warning C4244: '=': 'float'에서 'LONG'(으)로 변환하면서 데이터가 손실될 수 있습니다.
c:\users\huny0\onedrive\바탕 화면\팀포폴 괴이한에러발생\mt.cpp(86): warning C4244: '인수': 'float'에서 'int'(으)로 변환하면서 데이터가 손실될 수 있습니다.
c:\users\huny0\onedrive\바탕 화면\팀포폴 괴이한에러발생\mt.cpp(87): warning C4244: '인수': 'float'에서 'int'(으)로 변환하면서 데이터가 손실될 수 있습니다.
c:\users\huny0\onedrive\바탕 화면\팀포폴 괴이한에러발생\mt.cpp(302): warning C4244: '인수': 'float'에서 'int'(으)로 변환하면서 데이터가 손실될 수 있습니다.
c:\users\huny0\onedrive\바탕 화면\팀포폴 괴이한에러발생\mt.cpp(305): warning C4244: '인수': 'float'에서 'int'(으)로 변환하면서 데이터가 손실될 수 있습니다.
c:\users\huny0\onedrive\바탕 화면\팀포폴 괴이한에러발생\mt.cpp(310): warning C4244: '인수': 'float'에서 'int'(으)로 변환하면서 데이터가 손실될 수 있습니다.
c:\users\huny0\onedrive\바탕 화면\팀포폴 괴이한에러발생\mt.cpp(313): warning C4244: '인수': 'float'에서 'int'(으)로 변환하면서 데이터가 손실될 수 있습니다.
c:\users\huny0\onedrive\바탕 화면\팀포폴 괴이한에러발생\mt.cpp(345): warning C4244: '인수': 'LONG'에서 'float'(으)로 변환하면서 데이터가 손실될 수 있습니다.
c:\users\huny0\onedrive\바탕 화면\팀포폴 괴이한에러발생\mt.cpp(365): warning C4244: '인수': 'float'에서 'int'(으)로 변환하면서 데이터가 손실될 수 있습니다.
c:\users\huny0\onedrive\바탕 화면\팀포폴 괴이한에러발생\mt.cpp(577): warning C4244: '인수': 'LONG'에서 'float'(으)로 변환하면서 데이터가 손실될 수 있습니다.
c:\users\huny0\onedrive\바탕 화면\팀포폴 괴이한에러발생\mt.cpp(608): warning C4244: '+=': 'double'에서 'float'(으)로 변환하면서 데이터가 손실될 수 있습니다.
c:\users\huny0\onedrive\바탕 화면\팀포폴 괴이한에러발생\mt.cpp(609): warning C4244: '+=': 'double'에서 'float'(으)로 변환하면서 데이터가 손실될 수 있습니다.
  opTion.cpp
c:\users\huny0\onedrive\바탕 화면\팀포폴 괴이한에러발생\kyoko.h(130): warning C4244: '=': 'float'에서 'LONG'(으)로 변환하면서 데이터가 손실될 수 있습니다.
c:\users\huny0\onedrive\바탕 화면\팀포폴 괴이한에러발생\kyoko.h(131): warning C4244: '=': 'float'에서 'LONG'(으)로 변환하면서 데이터가 손실될 수 있습니다.
c:\users\huny0\onedrive\바탕 화면\팀포폴 괴이한에러발생\enemy.h(203): warning C4244: '=': 'float'에서 'LONG'(으)로 변환하면서 데이터가 손실될 수 있습니다.
c:\users\huny0\onedrive\바탕 화면\팀포폴 괴이한에러발생\enemy.h(204): warning C4244: '=': 'float'에서 'LONG'(으)로 변환하면서 데이터가 손실될 수 있습니다.
c:\users\huny0\onedrive\바탕 화면\팀포폴 괴이한에러발생\option.cpp(40): warning C4244: '인수': 'float'에서 'int'(으)로 변환하면서 데이터가 손실될 수 있습니다.
c:\users\huny0\onedrive\바탕 화면\팀포폴 괴이한에러발생\option.cpp(44): warning C4244: '인수': 'float'에서 'int'(으)로 변환하면서 데이터가 손실될 수 있습니다.
c:\users\huny0\onedrive\바탕 화면\팀포폴 괴이한에러발생\option.cpp(48): warning C4244: '인수': 'float'에서 'int'(으)로 변환하면서 데이터가 손실될 수 있습니다.
c:\users\huny0\onedrive\바탕 화면\팀포폴 괴이한에러발생\option.cpp(52): warning C4244: '인수': 'float'에서 'int'(으)로 변환하면서 데이터가 손실될 수 있습니다.
c:\users\huny0\onedrive\바탕 화면\팀포폴 괴이한에러발생\option.cpp(78): warning C4244: '인수': 'float'에서 'int'(으)로 변환하면서 데이터가 손실될 수 있습니다.
c:\users\huny0\onedrive\바탕 화면\팀포폴 괴이한에러발생\option.cpp(116): warning C4244: '인수': 'float'에서 'int'(으)로 변환하면서 데이터가 손실될 수 있습니다.
c:\users\huny0\onedrive\바탕 화면\팀포폴 괴이한에러발생\option.cpp(121): warning C4244: '인수': 'float'에서 'int'(으)로 변환하면서 데이터가 손실될 수 있습니다.
c:\users\huny0\onedrive\바탕 화면\팀포폴 괴이한에러발생\option.cpp(133): warning C4101: 'temp' :참조되지 않은 지역 변수입니다.
  playGround.cpp
c:\users\huny0\onedrive\바탕 화면\팀포폴 괴이한에러발생\kyoko.h(130): warning C4244: '=': 'float'에서 'LONG'(으)로 변환하면서 데이터가 손실될 수 있습니다.
c:\users\huny0\onedrive\바탕 화면\팀포폴 괴이한에러발생\kyoko.h(131): warning C4244: '=': 'float'에서 'LONG'(으)로 변환하면서 데이터가 손실될 수 있습니다.
c:\users\huny0\onedrive\바탕 화면\팀포폴 괴이한에러발생\enemy.h(203): warning C4244: '=': 'float'에서 'LONG'(으)로 변환하면서 데이터가 손실될 수 있습니다.
c:\users\huny0\onedrive\바탕 화면\팀포폴 괴이한에러발생\enemy.h(204): warning C4244: '=': 'float'에서 'LONG'(으)로 변환하면서 데이터가 손실될 수 있습니다.
  progressBar.cpp
c:\users\huny0\onedrive\바탕 화면\팀포폴 괴이한에러발생\progressbar.cpp(6): warning C4244: '=': 'int'에서 'float'(으)로 변환하면서 데이터가 손실될 수 있습니다.
c:\users\huny0\onedrive\바탕 화면\팀포폴 괴이한에러발생\progressbar.cpp(7): warning C4244: '=': 'int'에서 'float'(으)로 변환하면서 데이터가 손실될 수 있습니다.
c:\users\huny0\onedrive\바탕 화면\팀포폴 괴이한에러발생\progressbar.cpp(15): warning C4244: '=': 'int'에서 'float'(으)로 변환하면서 데이터가 손실될 수 있습니다.
c:\users\huny0\onedrive\바탕 화면\팀포폴 괴이한에러발생\progressbar.cpp(27): warning C4244: '인수': 'float'에서 'int'(으)로 변환하면서 데이터가 손실될 수 있습니다.
c:\users\huny0\onedrive\바탕 화면\팀포폴 괴이한에러발생\progressbar.cpp(35): warning C4244: '인수': 'float'에서 'int'(으)로 변환하면서 데이터가 손실될 수 있습니다.
c:\users\huny0\onedrive\바탕 화면\팀포폴 괴이한에러발생\progressbar.cpp(41): warning C4244: '인수': 'float'에서 'int'(으)로 변환하면서 데이터가 손실될 수 있습니다.
c:\users\huny0\onedrive\바탕 화면\팀포폴 괴이한에러발생\progressbar.cpp(40): warning C4244: '인수': 'float'에서 'int'(으)로 변환하면서 데이터가 손실될 수 있습니다.
  saveLoad.cpp
c:\users\huny0\onedrive\바탕 화면\팀포폴 괴이한에러발생\saveload.cpp(75): warning C4244: '인수': 'float'에서 'int'(으)로 변환하면서 데이터가 손실될 수 있습니다.
c:\users\huny0\onedrive\바탕 화면\팀포폴 괴이한에러발생\saveload.cpp(119): warning C4267: '인수': 'size_t'에서 'int'(으)로 변환하면서 데이터가 손실될 수 있습니다.
c:\users\huny0\onedrive\바탕 화면\팀포폴 괴이한에러발생\saveload.cpp(119): warning C4244: '인수': 'float'에서 'int'(으)로 변환하면서 데이터가 손실될 수 있습니다.
c:\users\huny0\onedrive\바탕 화면\팀포폴 괴이한에러발생\saveload.cpp(135): warning C4267: '인수': 'size_t'에서 'int'(으)로 변환하면서 데이터가 손실될 수 있습니다.
c:\users\huny0\onedrive\바탕 화면\팀포폴 괴이한에러발생\saveload.cpp(135): warning C4244: '인수': 'float'에서 'int'(으)로 변환하면서 데이터가 손실될 수 있습니다.
c:\users\huny0\onedrive\바탕 화면\팀포폴 괴이한에러발생\saveload.cpp(144): warning C4267: '인수': 'size_t'에서 'int'(으)로 변환하면서 데이터가 손실될 수 있습니다.
c:\users\huny0\onedrive\바탕 화면\팀포폴 괴이한에러발생\saveload.cpp(144): warning C4244: '인수': 'float'에서 'int'(으)로 변환하면서 데이터가 손실될 수 있습니다.
c:\users\huny0\onedrive\바탕 화면\팀포폴 괴이한에러발생\saveload.cpp(153): warning C4267: '인수': 'size_t'에서 'int'(으)로 변환하면서 데이터가 손실될 수 있습니다.
c:\users\huny0\onedrive\바탕 화면\팀포폴 괴이한에러발생\saveload.cpp(153): warning C4244: '인수': 'float'에서 'int'(으)로 변환하면서 데이터가 손실될 수 있습니다.
  sceneManager.cpp
  schoolBoy.cpp
c:\users\huny0\onedrive\바탕 화면\팀포폴 괴이한에러발생\enemy.h(203): warning C4244: '=': 'float'에서 'LONG'(으)로 변환하면서 데이터가 손실될 수 있습니다.
c:\users\huny0\onedrive\바탕 화면\팀포폴 괴이한에러발생\enemy.h(204): warning C4244: '=': 'float'에서 'LONG'(으)로 변환하면서 데이터가 손실될 수 있습니다.
c:\users\huny0\onedrive\바탕 화면\팀포폴 괴이한에러발생\kyoko.h(130): warning C4244: '=': 'float'에서 'LONG'(으)로 변환하면서 데이터가 손실될 수 있습니다.
c:\users\huny0\onedrive\바탕 화면\팀포폴 괴이한에러발생\kyoko.h(131): warning C4244: '=': 'float'에서 'LONG'(으)로 변환하면서 데이터가 손실될 수 있습니다.
c:\users\huny0\onedrive\바탕 화면\팀포폴 괴이한에러발생\schoolboy.cpp(85): warning C4244: '인수': 'float'에서 'int'(으)로 변환하면서 데이터가 손실될 수 있습니다.
c:\users\huny0\onedrive\바탕 화면\팀포폴 괴이한에러발생\schoolboy.cpp(86): warning C4244: '인수': 'float'에서 'int'(으)로 변환하면서 데이터가 손실될 수 있습니다.
c:\users\huny0\onedrive\바탕 화면\팀포폴 괴이한에러발생\schoolboy.cpp(300): warning C4244: '인수': 'float'에서 'int'(으)로 변환하면서 데이터가 손실될 수 있습니다.
c:\users\huny0\onedrive\바탕 화면\팀포폴 괴이한에러발생\schoolboy.cpp(303): warning C4244: '인수': 'float'에서 'int'(으)로 변환하면서 데이터가 손실될 수 있습니다.
c:\users\huny0\onedrive\바탕 화면\팀포폴 괴이한에러발생\schoolboy.cpp(308): warning C4244: '인수': 'float'에서 'int'(으)로 변환하면서 데이터가 손실될 수 있습니다.
c:\users\huny0\onedrive\바탕 화면\팀포폴 괴이한에러발생\schoolboy.cpp(311): warning C4244: '인수': 'float'에서 'int'(으)로 변환하면서 데이터가 손실될 수 있습니다.
c:\users\huny0\onedrive\바탕 화면\팀포폴 괴이한에러발생\schoolboy.cpp(343): warning C4244: '인수': 'LONG'에서 'float'(으)로 변환하면서 데이터가 손실될 수 있습니다.
c:\users\huny0\onedrive\바탕 화면\팀포폴 괴이한에러발생\schoolboy.cpp(363): warning C4244: '인수': 'float'에서 'int'(으)로 변환하면서 데이터가 손실될 수 있습니다.
c:\users\huny0\onedrive\바탕 화면\팀포폴 괴이한에러발생\schoolboy.cpp(575): warning C4244: '인수': 'LONG'에서 'float'(으)로 변환하면서 데이터가 손실될 수 있습니다.
c:\users\huny0\onedrive\바탕 화면\팀포폴 괴이한에러발생\schoolboy.cpp(606): warning C4244: '+=': 'double'에서 'float'(으)로 변환하면서 데이터가 손실될 수 있습니다.
c:\users\huny0\onedrive\바탕 화면\팀포폴 괴이한에러발생\schoolboy.cpp(607): warning C4244: '+=': 'double'에서 'float'(으)로 변환하면서 데이터가 손실될 수 있습니다.
c:\users\huny0\onedrive\바탕 화면\팀포폴 괴이한에러발생\schoolboy.cpp(615): warning C4244: '-=': 'double'에서 'float'(으)로 변환하면서 데이터가 손실될 수 있습니다.
c:\users\huny0\onedrive\바탕 화면\팀포폴 괴이한에러발생\schoolboy.cpp(618): warning C4244: '+=': 'double'에서 'float'(으)로 변환하면서 데이터가 손실될 수 있습니다.
  schoolGirl.cpp
c:\users\huny0\onedrive\바탕 화면\팀포폴 괴이한에러발생\enemy.h(203): warning C4244: '=': 'float'에서 'LONG'(으)로 변환하면서 데이터가 손실될 수 있습니다.
c:\users\huny0\onedrive\바탕 화면\팀포폴 괴이한에러발생\enemy.h(204): warning C4244: '=': 'float'에서 'LONG'(으)로 변환하면서 데이터가 손실될 수 있습니다.
c:\users\huny0\onedrive\바탕 화면\팀포폴 괴이한에러발생\kyoko.h(130): warning C4244: '=': 'float'에서 'LONG'(으)로 변환하면서 데이터가 손실될 수 있습니다.
c:\users\huny0\onedrive\바탕 화면\팀포폴 괴이한에러발생\kyoko.h(131): warning C4244: '=': 'float'에서 'LONG'(으)로 변환하면서 데이터가 손실될 수 있습니다.
c:\users\huny0\onedrive\바탕 화면\팀포폴 괴이한에러발생\schoolgirl.cpp(87): warning C4244: '인수': 'float'에서 'int'(으)로 변환하면서 데이터가 손실될 수 있습니다.
c:\users\huny0\onedrive\바탕 화면\팀포폴 괴이한에러발생\schoolgirl.cpp(88): warning C4244: '인수': 'float'에서 'int'(으)로 변환하면서 데이터가 손실될 수 있습니다.
c:\users\huny0\onedrive\바탕 화면\팀포폴 괴이한에러발생\schoolgirl.cpp(290): warning C4244: '인수': 'float'에서 'int'(으)로 변환하면서 데이터가 손실될 수 있습니다.
c:\users\huny0\onedrive\바탕 화면\팀포폴 괴이한에러발생\schoolgirl.cpp(293): warning C4244: '인수': 'float'에서 'int'(으)로 변환하면서 데이터가 손실될 수 있습니다.
c:\users\huny0\onedrive\바탕 화면\팀포폴 괴이한에러발생\schoolgirl.cpp(298): warning C4244: '인수': 'float'에서 'int'(으)로 변환하면서 데이터가 손실될 수 있습니다.
c:\users\huny0\onedrive\바탕 화면\팀포폴 괴이한에러발생\schoolgirl.cpp(301): warning C4244: '인수': 'float'에서 'int'(으)로 변환하면서 데이터가 손실될 수 있습니다.
c:\users\huny0\onedrive\바탕 화면\팀포폴 괴이한에러발생\schoolgirl.cpp(332): warning C4244: '인수': 'LONG'에서 'float'(으)로 변환하면서 데이터가 손실될 수 있습니다.
c:\users\huny0\onedrive\바탕 화면\팀포폴 괴이한에러발생\schoolgirl.cpp(352): warning C4244: '인수': 'float'에서 'int'(으)로 변환하면서 데이터가 손실될 수 있습니다.
c:\users\huny0\onedrive\바탕 화면\팀포폴 괴이한에러발생\schoolgirl.cpp(568): warning C4244: '인수': 'LONG'에서 'float'(으)로 변환하면서 데이터가 손실될 수 있습니다.
c:\users\huny0\onedrive\바탕 화면\팀포폴 괴이한에러발생\schoolgirl.cpp(569): warning C4101: 'temp' :참조되지 않은 지역 변수입니다.
  soundManager.cpp
c:\users\huny0\onedrive\바탕 화면\팀포폴 괴이한에러발생\soundmanager.cpp(170): warning C4244: '인수': 'float'에서 'unsigned int'(으)로 변환하면서 데이터가 손실될 수 있습니다.
  stage2+zOrder.cpp
c:\users\huny0\onedrive\바탕 화면\팀포폴 괴이한에러발생\kyoko.h(130): warning C4244: '=': 'float'에서 'LONG'(으)로 변환하면서 데이터가 손실될 수 있습니다.
c:\users\huny0\onedrive\바탕 화면\팀포폴 괴이한에러발생\kyoko.h(131): warning C4244: '=': 'float'에서 'LONG'(으)로 변환하면서 데이터가 손실될 수 있습니다.
c:\users\huny0\onedrive\바탕 화면\팀포폴 괴이한에러발생\enemy.h(203): warning C4244: '=': 'float'에서 'LONG'(으)로 변환하면서 데이터가 손실될 수 있습니다.
c:\users\huny0\onedrive\바탕 화면\팀포폴 괴이한에러발생\enemy.h(204): warning C4244: '=': 'float'에서 'LONG'(으)로 변환하면서 데이터가 손실될 수 있습니다.
c:\users\huny0\onedrive\바탕 화면\팀포폴 괴이한에러발생\stage2+zorder.cpp(13): warning C4267: '인수': 'size_t'에서 'int'(으)로 변환하면서 데이터가 손실될 수 있습니다.
  stage2.cpp
c:\users\huny0\onedrive\바탕 화면\팀포폴 괴이한에러발생\kyoko.h(130): warning C4244: '=': 'float'에서 'LONG'(으)로 변환하면서 데이터가 손실될 수 있습니다.
c:\users\huny0\onedrive\바탕 화면\팀포폴 괴이한에러발생\kyoko.h(131): warning C4244: '=': 'float'에서 'LONG'(으)로 변환하면서 데이터가 손실될 수 있습니다.
c:\users\huny0\onedrive\바탕 화면\팀포폴 괴이한에러발생\enemy.h(203): warning C4244: '=': 'float'에서 'LONG'(으)로 변환하면서 데이터가 손실될 수 있습니다.
c:\users\huny0\onedrive\바탕 화면\팀포폴 괴이한에러발생\enemy.h(204): warning C4244: '=': 'float'에서 'LONG'(으)로 변환하면서 데이터가 손실될 수 있습니다.
c:\users\huny0\onedrive\바탕 화면\팀포폴 괴이한에러발생\stage2.cpp(25): warning C4244: '인수': 'float'에서 'int'(으)로 변환하면서 데이터가 손실될 수 있습니다.
c:\users\huny0\onedrive\바탕 화면\팀포폴 괴이한에러발생\stage2.cpp(30): warning C4244: '인수': 'float'에서 'int'(으)로 변환하면서 데이터가 손실될 수 있습니다.
c:\users\huny0\onedrive\바탕 화면\팀포폴 괴이한에러발생\stage2.cpp(60): warning C4244: '인수': 'float'에서 'int'(으)로 변환하면서 데이터가 손실될 수 있습니다.
c:\users\huny0\onedrive\바탕 화면\팀포폴 괴이한에러발생\stage2.cpp(65): warning C4244: '인수': 'float'에서 'int'(으)로 변환하면서 데이터가 손실될 수 있습니다.
c:\users\huny0\onedrive\바탕 화면\팀포폴 괴이한에러발생\stage2.cpp(137): warning C4244: '인수': 'float'에서 'int'(으)로 변환하면서 데이터가 손실될 수 있습니다.
c:\users\huny0\onedrive\바탕 화면\팀포폴 괴이한에러발생\stage2.cpp(138): warning C4244: '인수': 'float'에서 'int'(으)로 변환하면서 데이터가 손실될 수 있습니다.
c:\users\huny0\onedrive\바탕 화면\팀포폴 괴이한에러발생\stage2.cpp(169): warning C4244: '인수': 'LONG'에서 'float'(으)로 변환하면서 데이터가 손실될 수 있습니다.
c:\users\huny0\onedrive\바탕 화면\팀포폴 괴이한에러발생\stage2.cpp(186): warning C4244: '인수': 'LONG'에서 'float'(으)로 변환하면서 데이터가 손실될 수 있습니다.
c:\users\huny0\onedrive\바탕 화면\팀포폴 괴이한에러발생\stage2.cpp(202): warning C4244: '인수': 'LONG'에서 'float'(으)로 변환하면서 데이터가 손실될 수 있습니다.
c:\users\huny0\onedrive\바탕 화면\팀포폴 괴이한에러발생\stage2.cpp(219): warning C4244: '인수': 'LONG'에서 'float'(으)로 변환하면서 데이터가 손실될 수 있습니다.
c:\users\huny0\onedrive\바탕 화면\팀포폴 괴이한에러발생\stage2.cpp(240): warning C4244: '인수': 'LONG'에서 'float'(으)로 변환하면서 데이터가 손실될 수 있습니다.
c:\users\huny0\onedrive\바탕 화면\팀포폴 괴이한에러발생\stage2.cpp(256): warning C4244: '인수': 'LONG'에서 'float'(으)로 변환하면서 데이터가 손실될 수 있습니다.
c:\users\huny0\onedrive\바탕 화면\팀포폴 괴이한에러발생\stage2.cpp(272): warning C4244: '인수': 'LONG'에서 'float'(으)로 변환하면서 데이터가 손실될 수 있습니다.
c:\users\huny0\onedrive\바탕 화면\팀포폴 괴이한에러발생\stage2.cpp(289): warning C4244: '인수': 'LONG'에서 'float'(으)로 변환하면서 데이터가 손실될 수 있습니다.
  stage3+zOrder.cpp
c:\users\huny0\onedrive\바탕 화면\팀포폴 괴이한에러발생\kyoko.h(130): warning C4244: '=': 'float'에서 'LONG'(으)로 변환하면서 데이터가 손실될 수 있습니다.
c:\users\huny0\onedrive\바탕 화면\팀포폴 괴이한에러발생\kyoko.h(131): warning C4244: '=': 'float'에서 'LONG'(으)로 변환하면서 데이터가 손실될 수 있습니다.
c:\users\huny0\onedrive\바탕 화면\팀포폴 괴이한에러발생\enemy.h(203): warning C4244: '=': 'float'에서 'LONG'(으)로 변환하면서 데이터가 손실될 수 있습니다.
c:\users\huny0\onedrive\바탕 화면\팀포폴 괴이한에러발생\enemy.h(204): warning C4244: '=': 'float'에서 'LONG'(으)로 변환하면서 데이터가 손실될 수 있습니다.
  stage3.cpp
c:\users\huny0\onedrive\바탕 화면\팀포폴 괴이한에러발생\kyoko.h(130): warning C4244: '=': 'float'에서 'LONG'(으)로 변환하면서 데이터가 손실될 수 있습니다.
c:\users\huny0\onedrive\바탕 화면\팀포폴 괴이한에러발생\kyoko.h(131): warning C4244: '=': 'float'에서 'LONG'(으)로 변환하면서 데이터가 손실될 수 있습니다.
c:\users\huny0\onedrive\바탕 화면\팀포폴 괴이한에러발생\enemy.h(203): warning C4244: '=': 'float'에서 'LONG'(으)로 변환하면서 데이터가 손실될 수 있습니다.
c:\users\huny0\onedrive\바탕 화면\팀포폴 괴이한에러발생\enemy.h(204): warning C4244: '=': 'float'에서 'LONG'(으)로 변환하면서 데이터가 손실될 수 있습니다.
c:\users\huny0\onedrive\바탕 화면\팀포폴 괴이한에러발생\stage3.cpp(28): warning C4244: '인수': 'float'에서 'int'(으)로 변환하면서 데이터가 손실될 수 있습니다.
c:\users\huny0\onedrive\바탕 화면\팀포폴 괴이한에러발생\stage3.cpp(110): warning C4244: '인수': 'float'에서 'int'(으)로 변환하면서 데이터가 손실될 수 있습니다.
c:\users\huny0\onedrive\바탕 화면\팀포폴 괴이한에러발생\stage3.cpp(287): warning C4244: '인수': 'LONG'에서 'float'(으)로 변환하면서 데이터가 손실될 수 있습니다.
c:\users\huny0\onedrive\바탕 화면\팀포폴 괴이한에러발생\stage3.cpp(304): warning C4244: '인수': 'LONG'에서 'float'(으)로 변환하면서 데이터가 손실될 수 있습니다.
c:\users\huny0\onedrive\바탕 화면\팀포폴 괴이한에러발생\stage3.cpp(320): warning C4244: '인수': 'LONG'에서 'float'(으)로 변환하면서 데이터가 손실될 수 있습니다.
c:\users\huny0\onedrive\바탕 화면\팀포폴 괴이한에러발생\stage3.cpp(337): warning C4244: '인수': 'LONG'에서 'float'(으)로 변환하면서 데이터가 손실될 수 있습니다.
c:\users\huny0\onedrive\바탕 화면\팀포폴 괴이한에러발생\stage3.cpp(358): warning C4244: '인수': 'LONG'에서 'float'(으)로 변환하면서 데이터가 손실될 수 있습니다.
c:\users\huny0\onedrive\바탕 화면\팀포폴 괴이한에러발생\stage3.cpp(374): warning C4244: '인수': 'LONG'에서 'float'(으)로 변환하면서 데이터가 손실될 수 있습니다.
c:\users\huny0\onedrive\바탕 화면\팀포폴 괴이한에러발생\stage3.cpp(390): warning C4244: '인수': 'LONG'에서 'float'(으)로 변환하면서 데이터가 손실될 수 있습니다.
c:\users\huny0\onedrive\바탕 화면\팀포폴 괴이한에러발생\stage3.cpp(407): warning C4244: '인수': 'LONG'에서 'float'(으)로 변환하면서 데이터가 손실될 수 있습니다.
  StartScene.cpp
  StatusManager.cpp
c:\users\huny0\onedrive\바탕 화면\팀포폴 괴이한에러발생\statusmanager.cpp(40): warning C4267: '초기화 중': 'size_t'에서 'int'(으)로 변환하면서 데이터가 손실될 수 있습니다.
  tempStage+zOrder.cpp
c:\users\huny0\onedrive\바탕 화면\팀포폴 괴이한에러발생\kyoko.h(130): warning C4244: '=': 'float'에서 'LONG'(으)로 변환하면서 데이터가 손실될 수 있습니다.
c:\users\huny0\onedrive\바탕 화면\팀포폴 괴이한에러발생\kyoko.h(131): warning C4244: '=': 'float'에서 'LONG'(으)로 변환하면서 데이터가 손실될 수 있습니다.
c:\users\huny0\onedrive\바탕 화면\팀포폴 괴이한에러발생\enemy.h(203): warning C4244: '=': 'float'에서 'LONG'(으)로 변환하면서 데이터가 손실될 수 있습니다.
c:\users\huny0\onedrive\바탕 화면\팀포폴 괴이한에러발생\enemy.h(204): warning C4244: '=': 'float'에서 'LONG'(으)로 변환하면서 데이터가 손실될 수 있습니다.
c:\users\huny0\onedrive\바탕 화면\팀포폴 괴이한에러발생\tempstage+zorder.cpp(17): warning C4267: '인수': 'size_t'에서 'int'(으)로 변환하면서 데이터가 손실될 수 있습니다.
  tempStage.cpp
c:\users\huny0\onedrive\바탕 화면\팀포폴 괴이한에러발생\kyoko.h(130): warning C4244: '=': 'float'에서 'LONG'(으)로 변환하면서 데이터가 손실될 수 있습니다.
c:\users\huny0\onedrive\바탕 화면\팀포폴 괴이한에러발생\kyoko.h(131): warning C4244: '=': 'float'에서 'LONG'(으)로 변환하면서 데이터가 손실될 수 있습니다.
c:\users\huny0\onedrive\바탕 화면\팀포폴 괴이한에러발생\enemy.h(203): warning C4244: '=': 'float'에서 'LONG'(으)로 변환하면서 데이터가 손실될 수 있습니다.
c:\users\huny0\onedrive\바탕 화면\팀포폴 괴이한에러발생\enemy.h(204): warning C4244: '=': 'float'에서 'LONG'(으)로 변환하면서 데이터가 손실될 수 있습니다.
c:\users\huny0\onedrive\바탕 화면\팀포폴 괴이한에러발생\tempstage.cpp(8): warning C4305: '인수': 'double'에서 'float'(으)로 잘립니다.
c:\users\huny0\onedrive\바탕 화면\팀포폴 괴이한에러발생\tempstage.cpp(202): warning C4244: '인수': 'LONG'에서 'float'(으)로 변환하면서 데이터가 손실될 수 있습니다.
c:\users\huny0\onedrive\바탕 화면\팀포폴 괴이한에러발생\tempstage.cpp(211): warning C4244: '인수': 'LONG'에서 'float'(으)로 변환하면서 데이터가 손실될 수 있습니다.
c:\users\huny0\onedrive\바탕 화면\팀포폴 괴이한에러발생\tempstage.cpp(234): warning C4244: '인수': 'LONG'에서 'float'(으)로 변환하면서 데이터가 손실될 수 있습니다.
c:\users\huny0\onedrive\바탕 화면\팀포폴 괴이한에러발생\tempstage.cpp(240): warning C4244: '인수': 'LONG'에서 'float'(으)로 변환하면서 데이터가 손실될 수 있습니다.
c:\users\huny0\onedrive\바탕 화면\팀포폴 괴이한에러발생\tempstage.cpp(247): warning C4244: '인수': 'LONG'에서 'float'(으)로 변환하면서 데이터가 손실될 수 있습니다.
c:\users\huny0\onedrive\바탕 화면\팀포폴 괴이한에러발생\tempstage.cpp(253): warning C4244: '인수': 'LONG'에서 'float'(으)로 변환하면서 데이터가 손실될 수 있습니다.
c:\users\huny0\onedrive\바탕 화면\팀포폴 괴이한에러발생\tempstage.cpp(270): warning C4244: '인수': 'LONG'에서 'float'(으)로 변환하면서 데이터가 손실될 수 있습니다.
c:\users\huny0\onedrive\바탕 화면\팀포폴 괴이한에러발생\tempstage.cpp(306): warning C4244: '인수': 'LONG'에서 'float'(으)로 변환하면서 데이터가 손실될 수 있습니다.
c:\users\huny0\onedrive\바탕 화면\팀포폴 괴이한에러발생\tempstage.cpp(323): warning C4244: '인수': 'LONG'에서 'float'(으)로 변환하면서 데이터가 손실될 수 있습니다.
c:\users\huny0\onedrive\바탕 화면\팀포폴 괴이한에러발생\tempstage.cpp(339): warning C4244: '인수': 'LONG'에서 'float'(으)로 변환하면서 데이터가 손실될 수 있습니다.
c:\users\huny0\onedrive\바탕 화면\팀포폴 괴이한에러발생\tempstage.cpp(356): warning C4244: '인수': 'LONG'에서 'float'(으)로 변환하면서 데이터가 손실될 수 있습니다.
  timeManager.cpp
c:\users\huny0\onedrive\바탕 화면\팀포폴 괴이한에러발생\timemanager.cpp(57): warning C4267: '인수': 'size_t'에서 'int'(으)로 변환하면서 데이터가 손실될 수 있습니다.
  timer.cpp
  txtData.cpp
  컴파일하고 있습니다...
  UIManager.cpp
c:\users\huny0\onedrive\바탕 화면\팀포폴 괴이한에러발생\kyoko.h(130): warning C4244: '=': 'float'에서 'LONG'(으)로 변환하면서 데이터가 손실될 수 있습니다.
c:\users\huny0\onedrive\바탕 화면\팀포폴 괴이한에러발생\kyoko.h(131): warning C4244: '=': 'float'에서 'LONG'(으)로 변환하면서 데이터가 손실될 수 있습니다.
c:\users\huny0\onedrive\바탕 화면\팀포폴 괴이한에러발생\uimanager.cpp(20): warning C4244: '인수': 'float'에서 'int'(으)로 변환하면서 데이터가 손실될 수 있습니다.
  utils.cpp
  videoManager.cpp
  winMain.cpp
c:\users\huny0\onedrive\바탕 화면\팀포폴 괴이한에러발생\kyoko.h(130): warning C4244: '=': 'float'에서 'LONG'(으)로 변환하면서 데이터가 손실될 수 있습니다.
c:\users\huny0\onedrive\바탕 화면\팀포폴 괴이한에러발생\kyoko.h(131): warning C4244: '=': 'float'에서 'LONG'(으)로 변환하면서 데이터가 손실될 수 있습니다.
c:\users\huny0\onedrive\바탕 화면\팀포폴 괴이한에러발생\enemy.h(203): warning C4244: '=': 'float'에서 'LONG'(으)로 변환하면서 데이터가 손실될 수 있습니다.
c:\users\huny0\onedrive\바탕 화면\팀포폴 괴이한에러발생\enemy.h(204): warning C4244: '=': 'float'에서 'LONG'(으)로 변환하면서 데이터가 손실될 수 있습니다.
c:\users\huny0\onedrive\바탕 화면\팀포폴 괴이한에러발생\winmain.cpp(89): warning C4244: 'return': 'WPARAM'에서 'int'(으)로 변환하면서 데이터가 손실될 수 있습니다.
  코드를 생성하고 있습니다.
c:\users\huny0\onedrive\바탕 화면\팀포폴 괴이한에러발생\cameramanager.cpp(123): warning C4715: 'CameraManager::CameraMake': 모든 제어 경로에서 값을 반환하지는 않습니다.
c:\users\huny0\onedrive\바탕 화면\팀포폴 괴이한에러발생\txtdata.cpp(47): warning C4172: 지역 변수 또는 임시: str의 주소를 반환하고 있습니다.
  All 2267 functions were compiled because no usable IPDB/IOBJ from previous compilation was found.
  코드를 생성했습니다.
  windowAPI.vcxproj -> C:\Users\huny0\OneDrive\바탕 화면\팀포폴 괴이한에러발생\x64\Release\windowAPI.exe
