  animation.cpp
c:\users\clxlz\onedrive\바탕 화면\sfthfsd\z-order\20201231_0_행동패턴 객체화\animation.cpp(1): fatal error C1853: 'x64\Debug\windowAPI.pch' 미리 컴파일된 헤더 파일이 이전 버전의 컴파일러에서 만들어졌거나, 미리 컴파일된 헤더가 C++인데 C에서 사용하고 있거나 또는 그 반대의 경우입니다.
  battle.cpp
c:\users\clxlz\onedrive\바탕 화면\sfthfsd\z-order\20201231_0_행동패턴 객체화\battle.cpp(1): fatal error C1853: 'x64\Debug\windowAPI.pch' 미리 컴파일된 헤더 파일이 이전 버전의 컴파일러에서 만들어졌거나, 미리 컴파일된 헤더가 C++인데 C에서 사용하고 있거나 또는 그 반대의 경우입니다.
  bullets.cpp
c:\users\clxlz\onedrive\바탕 화면\sfthfsd\z-order\20201231_0_행동패턴 객체화\bullets.cpp(1): fatal error C1853: 'x64\Debug\windowAPI.pch' 미리 컴파일된 헤더 파일이 이전 버전의 컴파일러에서 만들어졌거나, 미리 컴파일된 헤더가 C++인데 C에서 사용하고 있거나 또는 그 반대의 경우입니다.
  button.cpp
c:\users\clxlz\onedrive\바탕 화면\sfthfsd\z-order\20201231_0_행동패턴 객체화\button.cpp(1): fatal error C1853: 'x64\Debug\windowAPI.pch' 미리 컴파일된 헤더 파일이 이전 버전의 컴파일러에서 만들어졌거나, 미리 컴파일된 헤더가 C++인데 C에서 사용하고 있거나 또는 그 반대의 경우입니다.
  effect.cpp
c:\users\clxlz\onedrive\바탕 화면\sfthfsd\z-order\20201231_0_행동패턴 객체화\effect.cpp(1): fatal error C1853: 'x64\Debug\windowAPI.pch' 미리 컴파일된 헤더 파일이 이전 버전의 컴파일러에서 만들어졌거나, 미리 컴파일된 헤더가 C++인데 C에서 사용하고 있거나 또는 그 반대의 경우입니다.
  effectManager.cpp
c:\users\clxlz\onedrive\바탕 화면\sfthfsd\z-order\20201231_0_행동패턴 객체화\effectmanager.cpp(1): fatal error C1853: 'x64\Debug\windowAPI.pch' 미리 컴파일된 헤더 파일이 이전 버전의 컴파일러에서 만들어졌거나, 미리 컴파일된 헤더가 C++인데 C에서 사용하고 있거나 또는 그 반대의 경우입니다.
  fun.cpp
c:\users\clxlz\onedrive\바탕 화면\sfthfsd\z-order\20201231_0_행동패턴 객체화\fun.cpp(1): fatal error C1853: 'x64\Debug\windowAPI.pch' 미리 컴파일된 헤더 파일이 이전 버전의 컴파일러에서 만들어졌거나, 미리 컴파일된 헤더가 C++인데 C에서 사용하고 있거나 또는 그 반대의 경우입니다.
  gameNode.cpp
c:\users\clxlz\onedrive\바탕 화면\sfthfsd\z-order\20201231_0_행동패턴 객체화\gamenode.cpp(1): fatal error C1853: 'x64\Debug\windowAPI.pch' 미리 컴파일된 헤더 파일이 이전 버전의 컴파일러에서 만들어졌거나, 미리 컴파일된 헤더가 C++인데 C에서 사용하고 있거나 또는 그 반대의 경우입니다.
  ghostScene.cpp
c:\users\clxlz\onedrive\바탕 화면\sfthfsd\z-order\20201231_0_행동패턴 객체화\ghostscene.cpp(1): fatal error C1853: 'x64\Debug\windowAPI.pch' 미리 컴파일된 헤더 파일이 이전 버전의 컴파일러에서 만들어졌거나, 미리 컴파일된 헤더가 C++인데 C에서 사용하고 있거나 또는 그 반대의 경우입니다.
  image.cpp
c:\users\clxlz\onedrive\바탕 화면\sfthfsd\z-order\20201231_0_행동패턴 객체화\image.cpp(1): fatal error C1853: 'x64\Debug\windowAPI.pch' 미리 컴파일된 헤더 파일이 이전 버전의 컴파일러에서 만들어졌거나, 미리 컴파일된 헤더가 C++인데 C에서 사용하고 있거나 또는 그 반대의 경우입니다.
  imageManager.cpp
c:\users\clxlz\onedrive\바탕 화면\sfthfsd\z-order\20201231_0_행동패턴 객체화\imagemanager.cpp(1): fatal error C1853: 'x64\Debug\windowAPI.pch' 미리 컴파일된 헤더 파일이 이전 버전의 컴파일러에서 만들어졌거나, 미리 컴파일된 헤더가 C++인데 C에서 사용하고 있거나 또는 그 반대의 경우입니다.
  keyAniManager.cpp
c:\users\clxlz\onedrive\바탕 화면\sfthfsd\z-order\20201231_0_행동패턴 객체화\keyanimanager.cpp(1): fatal error C1853: 'x64\Debug\windowAPI.pch' 미리 컴파일된 헤더 파일이 이전 버전의 컴파일러에서 만들어졌거나, 미리 컴파일된 헤더가 C++인데 C에서 사용하고 있거나 또는 그 반대의 경우입니다.
  keyManager.cpp
c:\users\clxlz\onedrive\바탕 화면\sfthfsd\z-order\20201231_0_행동패턴 객체화\keymanager.cpp(1): fatal error C1853: 'x64\Debug\windowAPI.pch' 미리 컴파일된 헤더 파일이 이전 버전의 컴파일러에서 만들어졌거나, 미리 컴파일된 헤더가 C++인데 C에서 사용하고 있거나 또는 그 반대의 경우입니다.
  knight.cpp
c:\users\clxlz\onedrive\바탕 화면\sfthfsd\z-order\20201231_0_행동패턴 객체화\knight.cpp(1): fatal error C1853: 'x64\Debug\windowAPI.pch' 미리 컴파일된 헤더 파일이 이전 버전의 컴파일러에서 만들어졌거나, 미리 컴파일된 헤더가 C++인데 C에서 사용하고 있거나 또는 그 반대의 경우입니다.
  playGround.cpp
c:\users\clxlz\onedrive\바탕 화면\sfthfsd\z-order\20201231_0_행동패턴 객체화\playground.cpp(1): fatal error C1853: 'x64\Debug\windowAPI.pch' 미리 컴파일된 헤더 파일이 이전 버전의 컴파일러에서 만들어졌거나, 미리 컴파일된 헤더가 C++인데 C에서 사용하고 있거나 또는 그 반대의 경우입니다.
  progressBar.cpp
c:\users\clxlz\onedrive\바탕 화면\sfthfsd\z-order\20201231_0_행동패턴 객체화\progressbar.cpp(1): fatal error C1853: 'x64\Debug\windowAPI.pch' 미리 컴파일된 헤더 파일이 이전 버전의 컴파일러에서 만들어졌거나, 미리 컴파일된 헤더가 C++인데 C에서 사용하고 있거나 또는 그 반대의 경우입니다.
  sceneManager.cpp
c:\users\clxlz\onedrive\바탕 화면\sfthfsd\z-order\20201231_0_행동패턴 객체화\scenemanager.cpp(1): fatal error C1853: 'x64\Debug\windowAPI.pch' 미리 컴파일된 헤더 파일이 이전 버전의 컴파일러에서 만들어졌거나, 미리 컴파일된 헤더가 C++인데 C에서 사용하고 있거나 또는 그 반대의 경우입니다.
  selectScene.cpp
c:\users\clxlz\onedrive\바탕 화면\sfthfsd\z-order\20201231_0_행동패턴 객체화\selectscene.cpp(1): fatal error C1853: 'x64\Debug\windowAPI.pch' 미리 컴파일된 헤더 파일이 이전 버전의 컴파일러에서 만들어졌거나, 미리 컴파일된 헤더가 C++인데 C에서 사용하고 있거나 또는 그 반대의 경우입니다.
  ship.cpp
c:\users\clxlz\onedrive\바탕 화면\sfthfsd\z-order\20201231_0_행동패턴 객체화\ship.cpp(1): fatal error C1853: 'x64\Debug\windowAPI.pch' 미리 컴파일된 헤더 파일이 이전 버전의 컴파일러에서 만들어졌거나, 미리 컴파일된 헤더가 C++인데 C에서 사용하고 있거나 또는 그 반대의 경우입니다.
  soundManager.cpp
c:\users\clxlz\onedrive\바탕 화면\sfthfsd\z-order\20201231_0_행동패턴 객체화\soundmanager.cpp(1): fatal error C1853: 'x64\Debug\windowAPI.pch' 미리 컴파일된 헤더 파일이 이전 버전의 컴파일러에서 만들어졌거나, 미리 컴파일된 헤더가 C++인데 C에서 사용하고 있거나 또는 그 반대의 경우입니다.
  코드를 생성하고 있습니다...
  컴파일하고 있습니다...
  soundTestScene.cpp
c:\users\clxlz\onedrive\바탕 화면\sfthfsd\z-order\20201231_0_행동패턴 객체화\soundtestscene.cpp(1): fatal error C1853: 'x64\Debug\windowAPI.pch' 미리 컴파일된 헤더 파일이 이전 버전의 컴파일러에서 만들어졌거나, 미리 컴파일된 헤더가 C++인데 C에서 사용하고 있거나 또는 그 반대의 경우입니다.
  starcraftScene.cpp
c:\users\clxlz\onedrive\바탕 화면\sfthfsd\z-order\20201231_0_행동패턴 객체화\starcraftscene.cpp(1): fatal error C1853: 'x64\Debug\windowAPI.pch' 미리 컴파일된 헤더 파일이 이전 버전의 컴파일러에서 만들어졌거나, 미리 컴파일된 헤더가 C++인데 C에서 사용하고 있거나 또는 그 반대의 경우입니다.
  testScene.cpp
c:\users\clxlz\onedrive\바탕 화면\sfthfsd\z-order\20201231_0_행동패턴 객체화\testscene.cpp(1): fatal error C1853: 'x64\Debug\windowAPI.pch' 미리 컴파일된 헤더 파일이 이전 버전의 컴파일러에서 만들어졌거나, 미리 컴파일된 헤더가 C++인데 C에서 사용하고 있거나 또는 그 반대의 경우입니다.
  timeManager.cpp
c:\users\clxlz\onedrive\바탕 화면\sfthfsd\z-order\20201231_0_행동패턴 객체화\timemanager.cpp(1): fatal error C1853: 'x64\Debug\windowAPI.pch' 미리 컴파일된 헤더 파일이 이전 버전의 컴파일러에서 만들어졌거나, 미리 컴파일된 헤더가 C++인데 C에서 사용하고 있거나 또는 그 반대의 경우입니다.
  timer.cpp
c:\users\clxlz\onedrive\바탕 화면\sfthfsd\z-order\20201231_0_행동패턴 객체화\timer.cpp(1): fatal error C1853: 'x64\Debug\windowAPI.pch' 미리 컴파일된 헤더 파일이 이전 버전의 컴파일러에서 만들어졌거나, 미리 컴파일된 헤더가 C++인데 C에서 사용하고 있거나 또는 그 반대의 경우입니다.
  txtData.cpp
c:\users\clxlz\onedrive\바탕 화면\sfthfsd\z-order\20201231_0_행동패턴 객체화\txtdata.cpp(1): fatal error C1853: 'x64\Debug\windowAPI.pch' 미리 컴파일된 헤더 파일이 이전 버전의 컴파일러에서 만들어졌거나, 미리 컴파일된 헤더가 C++인데 C에서 사용하고 있거나 또는 그 반대의 경우입니다.
  utils.cpp
c:\users\clxlz\onedrive\바탕 화면\sfthfsd\z-order\20201231_0_행동패턴 객체화\utils.cpp(1): fatal error C1853: 'x64\Debug\windowAPI.pch' 미리 컴파일된 헤더 파일이 이전 버전의 컴파일러에서 만들어졌거나, 미리 컴파일된 헤더가 C++인데 C에서 사용하고 있거나 또는 그 반대의 경우입니다.
  winMain.cpp
c:\users\clxlz\onedrive\바탕 화면\sfthfsd\z-order\20201231_0_행동패턴 객체화\winmain.cpp(1): fatal error C1853: 'x64\Debug\windowAPI.pch' 미리 컴파일된 헤더 파일이 이전 버전의 컴파일러에서 만들어졌거나, 미리 컴파일된 헤더가 C++인데 C에서 사용하고 있거나 또는 그 반대의 경우입니다.
  코드를 생성하고 있습니다...
