  stdafx.cpp
  animation.cpp
  BossStage.cpp
c:\users\clxlz\onedrive\바탕 화면\팀 포트 폴리오\z-order\r1g4 sub team portfolio zorder x발점\kyoko.h(112): warning C4244: '=': 'float'에서 'LONG'(으)로 변환하면서 데이터가 손실될 수 있습니다.
c:\users\clxlz\onedrive\바탕 화면\팀 포트 폴리오\z-order\r1g4 sub team portfolio zorder x발점\kyoko.h(113): warning C4244: '=': 'float'에서 'LONG'(으)로 변환하면서 데이터가 손실될 수 있습니다.
  button.cpp
c:\users\clxlz\onedrive\바탕 화면\팀 포트 폴리오\z-order\r1g4 sub team portfolio zorder x발점\button.cpp(19): warning C4244: '인수': 'float'에서 'int'(으)로 변환하면서 데이터가 손실될 수 있습니다.
  CameraManager.cpp
c:\users\clxlz\onedrive\바탕 화면\팀 포트 폴리오\z-order\r1g4 sub team portfolio zorder x발점\cameramanager.cpp(136): warning C4244: '=': 'LONG'에서 'float'(으)로 변환하면서 데이터가 손실될 수 있습니다.
c:\users\clxlz\onedrive\바탕 화면\팀 포트 폴리오\z-order\r1g4 sub team portfolio zorder x발점\cameramanager.cpp(137): warning C4244: '=': 'LONG'에서 'float'(으)로 변환하면서 데이터가 손실될 수 있습니다.
c:\users\clxlz\onedrive\바탕 화면\팀 포트 폴리오\z-order\r1g4 sub team portfolio zorder x발점\cameramanager.cpp(141): warning C4244: '인수': 'float'에서 'int'(으)로 변환하면서 데이터가 손실될 수 있습니다.
c:\users\clxlz\onedrive\바탕 화면\팀 포트 폴리오\z-order\r1g4 sub team portfolio zorder x발점\cameramanager.cpp(140): warning C4244: '인수': 'float'에서 'int'(으)로 변환하면서 데이터가 손실될 수 있습니다.
c:\users\clxlz\onedrive\바탕 화면\팀 포트 폴리오\z-order\r1g4 sub team portfolio zorder x발점\cameramanager.cpp(133): warning C4101: 'mapImg' :참조되지 않은 지역 변수입니다.
  effect.cpp
  effectManager.cpp
  enemy.cpp
  enemyAttack.cpp
  enemyManager.cpp
c:\users\clxlz\onedrive\바탕 화면\팀 포트 폴리오\z-order\r1g4 sub team portfolio zorder x발점\kyoko.h(112): warning C4244: '=': 'float'에서 'LONG'(으)로 변환하면서 데이터가 손실될 수 있습니다.
c:\users\clxlz\onedrive\바탕 화면\팀 포트 폴리오\z-order\r1g4 sub team portfolio zorder x발점\kyoko.h(113): warning C4244: '=': 'float'에서 'LONG'(으)로 변환하면서 데이터가 손실될 수 있습니다.
  gameNode.cpp
c:\users\clxlz\onedrive\바탕 화면\팀 포트 폴리오\z-order\r1g4 sub team portfolio zorder x발점\gamenode.cpp(92): warning C4244: '=': 'float'에서 'LONG'(으)로 변환하면서 데이터가 손실될 수 있습니다.
c:\users\clxlz\onedrive\바탕 화면\팀 포트 폴리오\z-order\r1g4 sub team portfolio zorder x발점\gamenode.cpp(93): warning C4244: '=': 'float'에서 'LONG'(으)로 변환하면서 데이터가 손실될 수 있습니다.
c:\users\clxlz\onedrive\바탕 화면\팀 포트 폴리오\z-order\r1g4 sub team portfolio zorder x발점\gamenode.cpp(86): warning C4101: 'hdc' :참조되지 않은 지역 변수입니다.
c:\users\clxlz\onedrive\바탕 화면\팀 포트 폴리오\z-order\r1g4 sub team portfolio zorder x발점\gamenode.cpp(85): warning C4101: 'ps' :참조되지 않은 지역 변수입니다.
  image.cpp
c:\users\clxlz\onedrive\바탕 화면\팀 포트 폴리오\z-order\r1g4 sub team portfolio zorder x발점\image.cpp(76): warning C4267: '초기화 중': 'size_t'에서 'int'(으)로 변환하면서 데이터가 손실될 수 있습니다.
c:\users\clxlz\onedrive\바탕 화면\팀 포트 폴리오\z-order\r1g4 sub team portfolio zorder x발점\image.cpp(131): warning C4267: '초기화 중': 'size_t'에서 'int'(으)로 변환하면서 데이터가 손실될 수 있습니다.
c:\users\clxlz\onedrive\바탕 화면\팀 포트 폴리오\z-order\r1g4 sub team portfolio zorder x발점\image.cpp(184): warning C4267: '초기화 중': 'size_t'에서 'int'(으)로 변환하면서 데이터가 손실될 수 있습니다.
c:\users\clxlz\onedrive\바탕 화면\팀 포트 폴리오\z-order\r1g4 sub team portfolio zorder x발점\image.cpp(422): warning C4244: '인수': 'float'에서 'int'(으)로 변환하면서 데이터가 손실될 수 있습니다.
c:\users\clxlz\onedrive\바탕 화면\팀 포트 폴리오\z-order\r1g4 sub team portfolio zorder x발점\image.cpp(428): warning C4244: '인수': 'float'에서 'int'(으)로 변환하면서 데이터가 손실될 수 있습니다.
c:\users\clxlz\onedrive\바탕 화면\팀 포트 폴리오\z-order\r1g4 sub team portfolio zorder x발점\image.cpp(434): warning C4244: '인수': 'float'에서 'int'(으)로 변환하면서 데이터가 손실될 수 있습니다.
c:\users\clxlz\onedrive\바탕 화면\팀 포트 폴리오\z-order\r1g4 sub team portfolio zorder x발점\image.cpp(697): warning C4244: '인수': 'float'에서 'int'(으)로 변환하면서 데이터가 손실될 수 있습니다.
c:\users\clxlz\onedrive\바탕 화면\팀 포트 폴리오\z-order\r1g4 sub team portfolio zorder x발점\image.cpp(703): warning C4244: '인수': 'float'에서 'int'(으)로 변환하면서 데이터가 손실될 수 있습니다.
c:\users\clxlz\onedrive\바탕 화면\팀 포트 폴리오\z-order\r1g4 sub team portfolio zorder x발점\image.cpp(709): warning C4244: '인수': 'float'에서 'int'(으)로 변환하면서 데이터가 손실될 수 있습니다.
  imageManager.cpp
  iniDataManager.cpp
  jump.cpp
  keyAniManager.cpp
  keyManager.cpp
  kyoko.cpp
c:\users\clxlz\onedrive\바탕 화면\팀 포트 폴리오\z-order\r1g4 sub team portfolio zorder x발점\kyoko.h(112): warning C4244: '=': 'float'에서 'LONG'(으)로 변환하면서 데이터가 손실될 수 있습니다.
c:\users\clxlz\onedrive\바탕 화면\팀 포트 폴리오\z-order\r1g4 sub team portfolio zorder x발점\kyoko.h(113): warning C4244: '=': 'float'에서 'LONG'(으)로 변환하면서 데이터가 손실될 수 있습니다.
c:\users\clxlz\onedrive\바탕 화면\팀 포트 폴리오\z-order\r1g4 sub team portfolio zorder x발점\kyoko.cpp(36): warning C4244: '인수': 'float'에서 'int'(으)로 변환하면서 데이터가 손실될 수 있습니다.
c:\users\clxlz\onedrive\바탕 화면\팀 포트 폴리오\z-order\r1g4 sub team portfolio zorder x발점\kyoko.cpp(39): warning C4244: '인수': 'float'에서 'int'(으)로 변환하면서 데이터가 손실될 수 있습니다.
c:\users\clxlz\onedrive\바탕 화면\팀 포트 폴리오\z-order\r1g4 sub team portfolio zorder x발점\kyoko.cpp(41): warning C4244: '=': 'LONG'에서 'float'(으)로 변환하면서 데이터가 손실될 수 있습니다.
c:\users\clxlz\onedrive\바탕 화면\팀 포트 폴리오\z-order\r1g4 sub team portfolio zorder x발점\kyoko.cpp(42): warning C4244: '=': 'LONG'에서 'float'(으)로 변환하면서 데이터가 손실될 수 있습니다.
c:\users\clxlz\onedrive\바탕 화면\팀 포트 폴리오\z-order\r1g4 sub team portfolio zorder x발점\kyoko.cpp(74): warning C4244: '=': 'LONG'에서 'float'(으)로 변환하면서 데이터가 손실될 수 있습니다.
c:\users\clxlz\onedrive\바탕 화면\팀 포트 폴리오\z-order\r1g4 sub team portfolio zorder x발점\kyoko.cpp(75): warning C4244: '=': 'LONG'에서 'float'(으)로 변환하면서 데이터가 손실될 수 있습니다.
c:\users\clxlz\onedrive\바탕 화면\팀 포트 폴리오\z-order\r1g4 sub team portfolio zorder x발점\kyoko.cpp(76): warning C4244: '인수': 'float'에서 'int'(으)로 변환하면서 데이터가 손실될 수 있습니다.
c:\users\clxlz\onedrive\바탕 화면\팀 포트 폴리오\z-order\r1g4 sub team portfolio zorder x발점\kyoko.cpp(79): warning C4244: '인수': 'float'에서 'int'(으)로 변환하면서 데이터가 손실될 수 있습니다.
c:\users\clxlz\onedrive\바탕 화면\팀 포트 폴리오\z-order\r1g4 sub team portfolio zorder x발점\kyoko.cpp(83): warning C4244: '=': 'LONG'에서 'float'(으)로 변환하면서 데이터가 손실될 수 있습니다.
c:\users\clxlz\onedrive\바탕 화면\팀 포트 폴리오\z-order\r1g4 sub team portfolio zorder x발점\kyoko.cpp(84): warning C4244: '=': 'LONG'에서 'float'(으)로 변환하면서 데이터가 손실될 수 있습니다.
c:\users\clxlz\onedrive\바탕 화면\팀 포트 폴리오\z-order\r1g4 sub team portfolio zorder x발점\kyoko.cpp(85): warning C4244: '인수': 'float'에서 'int'(으)로 변환하면서 데이터가 손실될 수 있습니다.
c:\users\clxlz\onedrive\바탕 화면\팀 포트 폴리오\z-order\r1g4 sub team portfolio zorder x발점\kyoko.cpp(88): warning C4244: '인수': 'float'에서 'int'(으)로 변환하면서 데이터가 손실될 수 있습니다.
c:\users\clxlz\onedrive\바탕 화면\팀 포트 폴리오\z-order\r1g4 sub team portfolio zorder x발점\kyoko.cpp(91): warning C4244: '인수': 'float'에서 'int'(으)로 변환하면서 데이터가 손실될 수 있습니다.
  loadingScene.cpp
  playGround.cpp
c:\users\clxlz\onedrive\바탕 화면\팀 포트 폴리오\z-order\r1g4 sub team portfolio zorder x발점\kyoko.h(112): warning C4244: '=': 'float'에서 'LONG'(으)로 변환하면서 데이터가 손실될 수 있습니다.
c:\users\clxlz\onedrive\바탕 화면\팀 포트 폴리오\z-order\r1g4 sub team portfolio zorder x발점\kyoko.h(113): warning C4244: '=': 'float'에서 'LONG'(으)로 변환하면서 데이터가 손실될 수 있습니다.
  progressBar.cpp
c:\users\clxlz\onedrive\바탕 화면\팀 포트 폴리오\z-order\r1g4 sub team portfolio zorder x발점\progressbar.cpp(6): warning C4244: '=': 'int'에서 'float'(으)로 변환하면서 데이터가 손실될 수 있습니다.
c:\users\clxlz\onedrive\바탕 화면\팀 포트 폴리오\z-order\r1g4 sub team portfolio zorder x발점\progressbar.cpp(7): warning C4244: '=': 'int'에서 'float'(으)로 변환하면서 데이터가 손실될 수 있습니다.
c:\users\clxlz\onedrive\바탕 화면\팀 포트 폴리오\z-order\r1g4 sub team portfolio zorder x발점\progressbar.cpp(15): warning C4244: '=': 'int'에서 'float'(으)로 변환하면서 데이터가 손실될 수 있습니다.
c:\users\clxlz\onedrive\바탕 화면\팀 포트 폴리오\z-order\r1g4 sub team portfolio zorder x발점\progressbar.cpp(27): warning C4244: '인수': 'float'에서 'int'(으)로 변환하면서 데이터가 손실될 수 있습니다.
c:\users\clxlz\onedrive\바탕 화면\팀 포트 폴리오\z-order\r1g4 sub team portfolio zorder x발점\progressbar.cpp(35): warning C4244: '인수': 'float'에서 'int'(으)로 변환하면서 데이터가 손실될 수 있습니다.
c:\users\clxlz\onedrive\바탕 화면\팀 포트 폴리오\z-order\r1g4 sub team portfolio zorder x발점\progressbar.cpp(41): warning C4244: '인수': 'float'에서 'int'(으)로 변환하면서 데이터가 손실될 수 있습니다.
c:\users\clxlz\onedrive\바탕 화면\팀 포트 폴리오\z-order\r1g4 sub team portfolio zorder x발점\progressbar.cpp(40): warning C4244: '인수': 'float'에서 'int'(으)로 변환하면서 데이터가 손실될 수 있습니다.
  코드를 생성하고 있습니다...
c:\users\clxlz\onedrive\바탕 화면\팀 포트 폴리오\z-order\r1g4 sub team portfolio zorder x발점\cameramanager.cpp(44): warning C4715: 'CameraManager::CameraMake': 모든 제어 경로에서 값을 반환하지는 않습니다.
c:\users\clxlz\onedrive\바탕 화면\팀 포트 폴리오\z-order\r1g4 sub team portfolio zorder x발점\cameramanager.cpp(92): warning C4715: 'CameraManager::CameraMake': 모든 제어 경로에서 값을 반환하지는 않습니다.
c:\users\clxlz\onedrive\바탕 화면\팀 포트 폴리오\z-order\r1g4 sub team portfolio zorder x발점\cameramanager.cpp(123): warning C4715: 'CameraManager::CameraMake': 모든 제어 경로에서 값을 반환하지는 않습니다.
  컴파일하고 있습니다...
  saveLoad.cpp
c:\users\clxlz\onedrive\바탕 화면\팀 포트 폴리오\z-order\r1g4 sub team portfolio zorder x발점\saveload.cpp(51): warning C4244: '인수': 'float'에서 'int'(으)로 변환하면서 데이터가 손실될 수 있습니다.
c:\users\clxlz\onedrive\바탕 화면\팀 포트 폴리오\z-order\r1g4 sub team portfolio zorder x발점\saveload.cpp(92): warning C4267: '인수': 'size_t'에서 'int'(으)로 변환하면서 데이터가 손실될 수 있습니다.
c:\users\clxlz\onedrive\바탕 화면\팀 포트 폴리오\z-order\r1g4 sub team portfolio zorder x발점\saveload.cpp(92): warning C4244: '인수': 'float'에서 'int'(으)로 변환하면서 데이터가 손실될 수 있습니다.
c:\users\clxlz\onedrive\바탕 화면\팀 포트 폴리오\z-order\r1g4 sub team portfolio zorder x발점\saveload.cpp(105): warning C4267: '인수': 'size_t'에서 'int'(으)로 변환하면서 데이터가 손실될 수 있습니다.
c:\users\clxlz\onedrive\바탕 화면\팀 포트 폴리오\z-order\r1g4 sub team portfolio zorder x발점\saveload.cpp(105): warning C4244: '인수': 'float'에서 'int'(으)로 변환하면서 데이터가 손실될 수 있습니다.
  sceneManager.cpp
  schoolGirl.cpp
c:\users\clxlz\onedrive\바탕 화면\팀 포트 폴리오\z-order\r1g4 sub team portfolio zorder x발점\kyoko.h(112): warning C4244: '=': 'float'에서 'LONG'(으)로 변환하면서 데이터가 손실될 수 있습니다.
c:\users\clxlz\onedrive\바탕 화면\팀 포트 폴리오\z-order\r1g4 sub team portfolio zorder x발점\kyoko.h(113): warning C4244: '=': 'float'에서 'LONG'(으)로 변환하면서 데이터가 손실될 수 있습니다.
c:\users\clxlz\onedrive\바탕 화면\팀 포트 폴리오\z-order\r1g4 sub team portfolio zorder x발점\schoolgirl.cpp(25): warning C4244: '인수': 'float'에서 'int'(으)로 변환하면서 데이터가 손실될 수 있습니다.
c:\users\clxlz\onedrive\바탕 화면\팀 포트 폴리오\z-order\r1g4 sub team portfolio zorder x발점\schoolgirl.cpp(52): warning C4244: '인수': 'float'에서 'int'(으)로 변환하면서 데이터가 손실될 수 있습니다.
c:\users\clxlz\onedrive\바탕 화면\팀 포트 폴리오\z-order\r1g4 sub team portfolio zorder x발점\schoolgirl.cpp(81): warning C4244: '인수': 'LONG'에서 'float'(으)로 변환하면서 데이터가 손실될 수 있습니다.
c:\users\clxlz\onedrive\바탕 화면\팀 포트 폴리오\z-order\r1g4 sub team portfolio zorder x발점\schoolgirl.cpp(268): warning C4244: '인수': 'LONG'에서 'float'(으)로 변환하면서 데이터가 손실될 수 있습니다.
  soundManager.cpp
  stage2.cpp
c:\users\clxlz\onedrive\바탕 화면\팀 포트 폴리오\z-order\r1g4 sub team portfolio zorder x발점\kyoko.h(112): warning C4244: '=': 'float'에서 'LONG'(으)로 변환하면서 데이터가 손실될 수 있습니다.
c:\users\clxlz\onedrive\바탕 화면\팀 포트 폴리오\z-order\r1g4 sub team portfolio zorder x발점\kyoko.h(113): warning C4244: '=': 'float'에서 'LONG'(으)로 변환하면서 데이터가 손실될 수 있습니다.
c:\users\clxlz\onedrive\바탕 화면\팀 포트 폴리오\z-order\r1g4 sub team portfolio zorder x발점\stage2.cpp(14): warning C4244: '인수': 'float'에서 'int'(으)로 변환하면서 데이터가 손실될 수 있습니다.
c:\users\clxlz\onedrive\바탕 화면\팀 포트 폴리오\z-order\r1g4 sub team portfolio zorder x발점\stage2.cpp(19): warning C4244: '인수': 'float'에서 'int'(으)로 변환하면서 데이터가 손실될 수 있습니다.
c:\users\clxlz\onedrive\바탕 화면\팀 포트 폴리오\z-order\r1g4 sub team portfolio zorder x발점\stage2.cpp(52): warning C4244: '인수': 'float'에서 'int'(으)로 변환하면서 데이터가 손실될 수 있습니다.
c:\users\clxlz\onedrive\바탕 화면\팀 포트 폴리오\z-order\r1g4 sub team portfolio zorder x발점\stage2.cpp(53): warning C4244: '인수': 'float'에서 'int'(으)로 변환하면서 데이터가 손실될 수 있습니다.
c:\users\clxlz\onedrive\바탕 화면\팀 포트 폴리오\z-order\r1g4 sub team portfolio zorder x발점\stage2.cpp(75): warning C4244: '인수': 'LONG'에서 'float'(으)로 변환하면서 데이터가 손실될 수 있습니다.
c:\users\clxlz\onedrive\바탕 화면\팀 포트 폴리오\z-order\r1g4 sub team portfolio zorder x발점\stage2.cpp(92): warning C4244: '인수': 'LONG'에서 'float'(으)로 변환하면서 데이터가 손실될 수 있습니다.
c:\users\clxlz\onedrive\바탕 화면\팀 포트 폴리오\z-order\r1g4 sub team portfolio zorder x발점\stage2.cpp(108): warning C4244: '인수': 'LONG'에서 'float'(으)로 변환하면서 데이터가 손실될 수 있습니다.
c:\users\clxlz\onedrive\바탕 화면\팀 포트 폴리오\z-order\r1g4 sub team portfolio zorder x발점\stage2.cpp(125): warning C4244: '인수': 'LONG'에서 'float'(으)로 변환하면서 데이터가 손실될 수 있습니다.
  StartScene.cpp
  tempStage.cpp
c:\users\clxlz\onedrive\바탕 화면\팀 포트 폴리오\z-order\r1g4 sub team portfolio zorder x발점\kyoko.h(112): warning C4244: '=': 'float'에서 'LONG'(으)로 변환하면서 데이터가 손실될 수 있습니다.
c:\users\clxlz\onedrive\바탕 화면\팀 포트 폴리오\z-order\r1g4 sub team portfolio zorder x발점\kyoko.h(113): warning C4244: '=': 'float'에서 'LONG'(으)로 변환하면서 데이터가 손실될 수 있습니다.
c:\users\clxlz\onedrive\바탕 화면\팀 포트 폴리오\z-order\r1g4 sub team portfolio zorder x발점\tempstage.cpp(6): warning C4305: '인수': 'double'에서 'float'(으)로 잘립니다.
c:\users\clxlz\onedrive\바탕 화면\팀 포트 폴리오\z-order\r1g4 sub team portfolio zorder x발점\tempstage.cpp(101): warning C4244: '인수': 'LONG'에서 'float'(으)로 변환하면서 데이터가 손실될 수 있습니다.
c:\users\clxlz\onedrive\바탕 화면\팀 포트 폴리오\z-order\r1g4 sub team portfolio zorder x발점\tempstage.cpp(118): warning C4244: '인수': 'LONG'에서 'float'(으)로 변환하면서 데이터가 손실될 수 있습니다.
c:\users\clxlz\onedrive\바탕 화면\팀 포트 폴리오\z-order\r1g4 sub team portfolio zorder x발점\tempstage.cpp(134): warning C4244: '인수': 'LONG'에서 'float'(으)로 변환하면서 데이터가 손실될 수 있습니다.
c:\users\clxlz\onedrive\바탕 화면\팀 포트 폴리오\z-order\r1g4 sub team portfolio zorder x발점\tempstage.cpp(151): warning C4244: '인수': 'LONG'에서 'float'(으)로 변환하면서 데이터가 손실될 수 있습니다.
  timeManager.cpp
c:\users\clxlz\onedrive\바탕 화면\팀 포트 폴리오\z-order\r1g4 sub team portfolio zorder x발점\timemanager.cpp(46): warning C4267: '인수': 'size_t'에서 'int'(으)로 변환하면서 데이터가 손실될 수 있습니다.
c:\users\clxlz\onedrive\바탕 화면\팀 포트 폴리오\z-order\r1g4 sub team portfolio zorder x발점\timemanager.cpp(49): warning C4267: '인수': 'size_t'에서 'int'(으)로 변환하면서 데이터가 손실될 수 있습니다.
c:\users\clxlz\onedrive\바탕 화면\팀 포트 폴리오\z-order\r1g4 sub team portfolio zorder x발점\timemanager.cpp(52): warning C4267: '인수': 'size_t'에서 'int'(으)로 변환하면서 데이터가 손실될 수 있습니다.
  timer.cpp
  txtData.cpp
  utils.cpp
  videoManager.cpp
  winMain.cpp
c:\users\clxlz\onedrive\바탕 화면\팀 포트 폴리오\z-order\r1g4 sub team portfolio zorder x발점\kyoko.h(112): warning C4244: '=': 'float'에서 'LONG'(으)로 변환하면서 데이터가 손실될 수 있습니다.
c:\users\clxlz\onedrive\바탕 화면\팀 포트 폴리오\z-order\r1g4 sub team portfolio zorder x발점\kyoko.h(113): warning C4244: '=': 'float'에서 'LONG'(으)로 변환하면서 데이터가 손실될 수 있습니다.
c:\users\clxlz\onedrive\바탕 화면\팀 포트 폴리오\z-order\r1g4 sub team portfolio zorder x발점\winmain.cpp(89): warning C4244: 'return': 'WPARAM'에서 'int'(으)로 변환하면서 데이터가 손실될 수 있습니다.
  zOrder.cpp
c:\users\clxlz\onedrive\바탕 화면\팀 포트 폴리오\z-order\r1g4 sub team portfolio zorder x발점\zorder.cpp(106): warning C4267: '인수': 'size_t'에서 'int'(으)로 변환하면서 데이터가 손실될 수 있습니다.
c:\users\clxlz\onedrive\바탕 화면\팀 포트 폴리오\z-order\r1g4 sub team portfolio zorder x발점\zorder.cpp(135): warning C4244: '인수': 'float'에서 'int'(으)로 변환하면서 데이터가 손실될 수 있습니다.
c:\users\clxlz\onedrive\바탕 화면\팀 포트 폴리오\z-order\r1g4 sub team portfolio zorder x발점\zorder.cpp(140): warning C4244: '인수': 'float'에서 'int'(으)로 변환하면서 데이터가 손실될 수 있습니다.
c:\users\clxlz\onedrive\바탕 화면\팀 포트 폴리오\z-order\r1g4 sub team portfolio zorder x발점\zorder.cpp(144): warning C4244: '인수': 'float'에서 'int'(으)로 변환하면서 데이터가 손실될 수 있습니다.
c:\users\clxlz\onedrive\바탕 화면\팀 포트 폴리오\z-order\r1g4 sub team portfolio zorder x발점\zorder.cpp(149): warning C4244: '인수': 'float'에서 'int'(으)로 변환하면서 데이터가 손실될 수 있습니다.
  코드를 생성하고 있습니다...
c:\users\clxlz\onedrive\바탕 화면\팀 포트 폴리오\z-order\r1g4 sub team portfolio zorder x발점\txtdata.cpp(47): warning C4172: 지역 변수 또는 임시: str의 주소를 반환하고 있습니다.
  windowAPI.vcxproj -> C:\Users\clxlz\OneDrive\바탕 화면\팀 포트 폴리오\Z-order\R1G4 Sub Team Portfolio ZORDER x발점\x64\Debug\windowAPI.exe
