  stage2.cpp
c:\users\huny0\onedrive\바탕 화면\팀포폴사본\팀포폴 괴이한에러발생\kyoko.h(133): warning C4244: '=': 'float'에서 'LONG'(으)로 변환하면서 데이터가 손실될 수 있습니다.
c:\users\huny0\onedrive\바탕 화면\팀포폴사본\팀포폴 괴이한에러발생\kyoko.h(134): warning C4244: '=': 'float'에서 'LONG'(으)로 변환하면서 데이터가 손실될 수 있습니다.
c:\users\huny0\onedrive\바탕 화면\팀포폴사본\팀포폴 괴이한에러발생\enemy.h(203): warning C4244: '=': 'float'에서 'LONG'(으)로 변환하면서 데이터가 손실될 수 있습니다.
c:\users\huny0\onedrive\바탕 화면\팀포폴사본\팀포폴 괴이한에러발생\enemy.h(204): warning C4244: '=': 'float'에서 'LONG'(으)로 변환하면서 데이터가 손실될 수 있습니다.
c:\users\huny0\onedrive\바탕 화면\팀포폴사본\팀포폴 괴이한에러발생\stage2.cpp(26): warning C4244: '인수': 'float'에서 'int'(으)로 변환하면서 데이터가 손실될 수 있습니다.
c:\users\huny0\onedrive\바탕 화면\팀포폴사본\팀포폴 괴이한에러발생\stage2.cpp(31): warning C4244: '인수': 'float'에서 'int'(으)로 변환하면서 데이터가 손실될 수 있습니다.
c:\users\huny0\onedrive\바탕 화면\팀포폴사본\팀포폴 괴이한에러발생\stage2.cpp(63): warning C4244: '인수': 'float'에서 'int'(으)로 변환하면서 데이터가 손실될 수 있습니다.
c:\users\huny0\onedrive\바탕 화면\팀포폴사본\팀포폴 괴이한에러발생\stage2.cpp(68): warning C4244: '인수': 'float'에서 'int'(으)로 변환하면서 데이터가 손실될 수 있습니다.
c:\users\huny0\onedrive\바탕 화면\팀포폴사본\팀포폴 괴이한에러발생\stage2.cpp(140): warning C4244: '인수': 'float'에서 'int'(으)로 변환하면서 데이터가 손실될 수 있습니다.
c:\users\huny0\onedrive\바탕 화면\팀포폴사본\팀포폴 괴이한에러발생\stage2.cpp(141): warning C4244: '인수': 'float'에서 'int'(으)로 변환하면서 데이터가 손실될 수 있습니다.
c:\users\huny0\onedrive\바탕 화면\팀포폴사본\팀포폴 괴이한에러발생\stage2.cpp(170): warning C4244: '인수': 'LONG'에서 'float'(으)로 변환하면서 데이터가 손실될 수 있습니다.
c:\users\huny0\onedrive\바탕 화면\팀포폴사본\팀포폴 괴이한에러발생\stage2.cpp(187): warning C4244: '인수': 'LONG'에서 'float'(으)로 변환하면서 데이터가 손실될 수 있습니다.
c:\users\huny0\onedrive\바탕 화면\팀포폴사본\팀포폴 괴이한에러발생\stage2.cpp(203): warning C4244: '인수': 'LONG'에서 'float'(으)로 변환하면서 데이터가 손실될 수 있습니다.
c:\users\huny0\onedrive\바탕 화면\팀포폴사본\팀포폴 괴이한에러발생\stage2.cpp(220): warning C4244: '인수': 'LONG'에서 'float'(으)로 변환하면서 데이터가 손실될 수 있습니다.
c:\users\huny0\onedrive\바탕 화면\팀포폴사본\팀포폴 괴이한에러발생\stage2.cpp(241): warning C4244: '인수': 'LONG'에서 'float'(으)로 변환하면서 데이터가 손실될 수 있습니다.
c:\users\huny0\onedrive\바탕 화면\팀포폴사본\팀포폴 괴이한에러발생\stage2.cpp(257): warning C4244: '인수': 'LONG'에서 'float'(으)로 변환하면서 데이터가 손실될 수 있습니다.
c:\users\huny0\onedrive\바탕 화면\팀포폴사본\팀포폴 괴이한에러발생\stage2.cpp(273): warning C4244: '인수': 'LONG'에서 'float'(으)로 변환하면서 데이터가 손실될 수 있습니다.
c:\users\huny0\onedrive\바탕 화면\팀포폴사본\팀포폴 괴이한에러발생\stage2.cpp(290): warning C4244: '인수': 'LONG'에서 'float'(으)로 변환하면서 데이터가 손실될 수 있습니다.
  windowAPI.vcxproj -> C:\Users\huny0\OneDrive\바탕 화면\팀포폴사본\팀포폴 괴이한에러발생\x64\Debug\windowAPI.exe
